


Using shader api: shaderapiempty.dll
materialPath: C:\Program Files (x86)\Steam\steamapps\common\left 4 dead 2\left4dead2\materials
Loading D:\Documents\SchoolDays\edificio uno prueba.vmf
fixing up env_cubemap materials on brush sides...
0...1...2...3...4...5...6...7...8...9...100...1...2...3...4...5...6...7...8...9...10Processing areas...done (0)
Building Faces...done (0)
FixTjuncs...
PruneNodes...
WriteBSP...
done (1)
writing D:\Documents\SchoolDays\edificio uno prueba.prt...Building visibility clusters...
done (0)
Finding displacement neighbors...
Finding lightmap sample positions...
Displacement Alpha : 0...1...2...3...4...5...6...7...8...9...10
Building Physics collision data...
done (2) (276361 bytes)
Cannot build Physics2 data
                                                             -----------
DataLinker total stream size                                     0.0 KiB
Error! To use model "models/props_interiors/trashcankitchen01.mdl"
      with prop_static, it must be compiled with $staticprop!
Error loading studio model "models/props_interiors/trashcankitchen01.mdl"!
Error! prop_static using model "models/props/cs_office/computer_mouse.mdl", which must be used on a dynamic entity (i.e. prop_physics). Deleted.
Error loading studio model "models/props/cs_office/computer_mouse.mdl"!
Placing detail props : 0...1...2...3...4...5...6...7...8...9...10
Compacting texture/material tables...
Reduced 1856 texinfos to 1196
Reduced 51 texdatas to 47 (1229 bytes to 1039)
Writing D:\Documents\SchoolDays\edificio uno prueba.bsp
10 seconds elapsed



4 threads
reading d:\documents\schooldays\edificio uno prueba.bsp
max farz in all env_fog_controller entities: -1.000000 (used for radial vis)
reading d:\documents\schooldays\edificio uno prueba.prt
1219 portalclusters
3216 numportals
0...1...2...3...4...5...6...7...8...9...10Optimized: 120777 visible clusters (0.00%)
Total clusters visible: 679512
Average clusters visible: 557
Building PAS...
Average clusters audible: 1203
visdatasize:339915  compressed from 390080
writing d:\documents\schooldays\edificio uno prueba.bsp
2 seconds elapsed



[Reading texlights from 'lights.rad']
[2 texlights parsed from 'lights.rad']

Loading d:\documents\schooldays\edificio uno prueba.bsp
5432 faces
2 degenerate faces
260972 square feet [37580080.00 square inches]
6 Displacements
180 Square Feet [25969.44 Square Inches]
5430 patches before subdivision
30574 patches after subdivision
91 direct lights
0
WARNING: Too many light styles on a face at (1576.031982, 1440.698730, -268.000000)

WARNING: Too many light styles on a face at (1576.395508, 1440.714966, -268.000000)

WARNING: Too many light styles on a face at (1576.984741, 1440.384888, -268.000000)

WARNING: Too many light styles on a face at (1576.618896, 1440.606812, -268.000000)

WARNING: Too many light styles on a face at (1577.882324, 1439.880615, -268.000000)

WARNING: Too many light styles on a face at (1579.599609, 1438.260742, -268.000000)

WARNING: Too many light styles on a face at (1578.512817, 1439.111938, -268.000000)

WARNING: Too many light styles on a face at (1577.407349, 1440.107788, -268.000000)

WARNING: Too many light styles on a face at (1582.683838, 1437.996704, -268.000000)

WARNING: Too many light styles on a face at (1580.825806, 1438.060059, -268.000000)

WARNING: Too many light styles on a face at (1582.946777, 1443.038086, -268.000000)

WARNING: Too many light styles on a face at (1583.212158, 1439.794556, -268.000000)

WARNING: Too many light styles on a face at (1582.932739, 1441.663696, -268.000000)

WARNING: Too many light styles on a face at (1582.526733, 1444.554321, -268.000000)

WARNING: Too many light styles on a face at (1616.076172, 1467.019043, -268.000000)

WARNING: Too many light styles on a face at (1611.547241, 1469.125122, -268.000000)

WARNING: Too many light styles on a face at (1586.038574, 1466.613647, -268.000000)

WARNING: Too many light styles on a face at (1598.194214, 1469.031372, -268.000000)

WARNING: Too many light styles on a face at (1578.565308, 1469.501465, -268.000000)

WARNING: Too many light styles on a face at (1573.609985, 1469.499512, -268.000000)

WARNING: Too many light styles on a face at (1568.220093, 1469.603027, -268.000000)

WARNING: Too many light styles on a face at (1598.128174, 1451.531494, -268.000000)

WARNING: Too many light styles on a face at (1583.530029, 1469.224854, -268.000000)

WARNING: Too many light styles on a face at (1563.057129, 1469.494385, -268.000000)

WARNING: Too many light styles on a face at (1422.368164, 1469.374146, -268.000000)

WARNING: Too many light styles on a face at (1684.368164, 1216.248169, -268.000000)

WARNING: Too many light styles on a face at (1551.876587, 1470.067383, -268.000000)

WARNING: Too many light styles on a face at (1617.868164, 1469.374023, -268.000000)

WARNING: Too many light styles on a face at (1684.368164, 1641.124023, -268.000000)

WARNING: Too many light styles on a face at (1422.368164, 1634.124146, -268.000000)
.
WARNING: Too many light styles on a face at (1415.500000, 1256.000000, -292.000000)

WARNING: Too many light styles on a face at (1402.000000, 1256.000000, -296.010986)

WARNING: Too many light styles on a face at (1389.000000, 1256.000000, -296.010986)

WARNING: Too many light styles on a face at (1885.614990, 1256.000000, -292.580017)

WARNING: Too many light styles on a face at (1775.625000, 1256.000000, -272.750519)

WARNING: Too many light styles on a face at (1422.625000, 1256.000000, -272.750519)

WARNING: Too many light styles on a face at (1908.500000, 1641.000000, -272.925537)

WARNING: Too many light styles on a face at (1961.500000, 1257.000000, -272.925537)

WARNING: Too many light styles on a face at (1775.625000, 1256.000000, -292.580017)

WARNING: Too many light styles on a face at (1844.000000, 1641.000000, -272.925537)

WARNING: Too many light styles on a face at (1419.500000, 1259.005615, -270.829620)

WARNING: Too many light styles on a face at (1419.500000, 1446.480225, -268.010986)

WARNING: Too many light styles on a face at (1419.500000, 1434.480225, -268.010986)

WARNING: Too many light styles on a face at (1877.500000, 1641.000000, -272.925537)

WARNING: Too many light styles on a face at (1419.500000, 1462.995605, -270.829620)

WARNING: Too many light styles on a face at (1576.455811, 1440.720581, -357.000000)

WARNING: Too many light styles on a face at (1575.805420, 1440.534180, -357.000000)

WARNING: Too many light styles on a face at (1576.947021, 1440.334961, -357.000000)

WARNING: Too many light styles on a face at (1575.603760, 1440.762329, -357.000000)

WARNING: Too many light styles on a face at (1577.395386, 1440.079102, -357.000000)

WARNING: Too many light styles on a face at (1576.554688, 1440.512573, -357.000000)

WARNING: Too many light styles on a face at (1578.516357, 1439.120972, -357.000000)

WARNING: Too many light styles on a face at (1586.321167, 1428.239746, -357.000000)

WARNING: Too many light styles on a face at (1577.861206, 1439.807007, -357.000000)

WARNING: Too many light styles on a face at (1611.848511, 1422.369629, -357.000000)

WARNING: Too many light styles on a face at (1610.670166, 1459.159790, -357.000000)

WARNING: Too many light styles on a face at (1595.641113, 1458.432861, -357.000000)

WARNING: Too many light styles on a face at (1621.503052, 1429.552124, -357.000000)
.
WARNING: Too many light styles on a face at (1579.689331, 1437.925537, -357.000000)

WARNING: Too many light styles on a face at (1574.340942, 1445.256958, -357.000000)

WARNING: Too many light styles on a face at (1613.396362, 1427.208862, -357.000000)

WARNING: Too many light styles on a face at (1573.627563, 1444.857910, -357.000000)

WARNING: Too many light styles on a face at (1573.860718, 1445.031494, -357.000000)

WARNING: Too many light styles on a face at (1573.308228, 1444.706543, -357.000000)

WARNING: Too many light styles on a face at (1573.570068, 1442.933350, -357.000000)

WARNING: Too many light styles on a face at (1574.123413, 1445.186523, -357.000000)

WARNING: Too many light styles on a face at (1573.663574, 1442.531006, -357.000000)

WARNING: Too many light styles on a face at (1654.219116, 1417.876099, -357.000000)

WARNING: Too many light styles on a face at (1634.297363, 1434.142334, -357.000000)

WARNING: Too many light styles on a face at (1639.214966, 1441.176514, -357.000000)

WARNING: Too many light styles on a face at (1623.477905, 1413.255249, -357.000000)

WARNING: Too many light styles on a face at (1631.551392, 1425.216064, -357.000000)

WARNING: Too many light styles on a face at (1609.412476, 1404.872925, -357.000000)

WARNING: Too many light styles on a face at (1613.031494, 1409.058350, -357.000000)

WARNING: Too many light styles on a face at (1621.591553, 1473.695068, -357.000000)

WARNING: Too many light styles on a face at (1552.929565, 1395.042480, -357.000000)

WARNING: Too many light styles on a face at (1623.327759, 1476.122070, -357.000000)

WARNING: Too many light styles on a face at (1700.500000, 1473.694946, -354.000000)

WARNING: Too many light styles on a face at (1771.501709, 1419.919312, -357.000000)

WARNING: Too many light styles on a face at (1419.000000, 1641.000000, -272.925537)

WARNING: Too many light styles on a face at (1828.500000, 1411.920044, -354.000000)

WARNING: Too many light styles on a face at (1419.000000, 1641.000000, -358.425537)

WARNING: Too many light styles on a face at (1399.000000, 1257.990234, -294.000000)

WARNING: Too many light styles on a face at (1411.500000, 1430.843506, -294.000000)

WARNING: Too many light styles on a face at (1399.000000, 1461.980225, -294.000000)

WARNING: Too many light styles on a face at (1403.000000, 1641.000000, -292.000000)

WARNING: Too many light styles on a face at (1411.500000, 1626.853516, -294.000000)

WARNING: Too many light styles on a face at (1403.500000, 1640.000000, -292.000000)

WARNING: Too many light styles on a face at (1403.500000, 1629.500000, -292.000000)

WARNING: Too many light styles on a face at (1415.500000, 1426.995605, -292.000000)

WARNING: Too many light styles on a face at (1406.000000, 1636.500000, -292.000000)

WARNING: Too many light styles on a face at (1828.500000, 1413.949951, -356.500000)

WARNING: Too many light styles on a face at (1413.500000, 1458.843506, -292.000000)

WARNING: Too many light styles on a face at (1402.000000, 1625.000000, -292.000000)

WARNING: Too many light styles on a face at (1413.500000, 1262.853516, -292.000000)

WARNING: Too many light styles on a face at (1415.500000, 1623.005615, -292.000000)

WARNING: Too many light styles on a face at (1402.000000, 1426.995605, -292.000000)
.
WARNING: Too many light styles on a face at (1389.000000, 1625.000000, -292.000000)

WARNING: Too many light styles on a face at (1402.500000, 1618.500244, -292.000000)

WARNING: Too many light styles on a face at (1402.000000, 1620.505615, -292.000000)

WARNING: Too many light styles on a face at (1402.000000, 1625.000000, -297.011627)

WARNING: Too many light styles on a face at (1403.500000, 1640.000000, -297.011627)

WARNING: Too many light styles on a face at (1389.000000, 1625.000000, -297.011627)

WARNING: Too many light styles on a face at (1402.500000, 1424.990234, -292.000000)

WARNING: Too many light styles on a face at (1403.000000, 1641.000000, -293.925537)

WARNING: Too many light styles on a face at (1403.500000, 1629.500000, -297.011627)

WARNING: Too many light styles on a face at (1399.835693, 1623.020020, -293.202393)

WARNING: Too many light styles on a face at (1399.000000, 1257.979980, -294.764435)

WARNING: Too many light styles on a face at (1402.500000, 1255.989990, -294.764435)

WARNING: Too many light styles on a face at (1402.500000, 1625.010010, -294.764435)

WARNING: Too many light styles on a face at (1403.500000, 1575.799805, -354.250519)

WARNING: Too many light styles on a face at (1403.500000, 1259.399902, -354.250519)

WARNING: Too many light styles on a face at (1826.251099, 1252.820923, -291.658997)
1
WARNING: Too many light styles on a face at (1879.479980, 1247.055908, -296.841553)
..
WARNING: Too many light styles on a face at (1828.236328, 910.624084, -268.000000)

WARNING: Too many light styles on a face at (1812.236328, 1020.124084, -268.000000)
.
WARNING: Too many light styles on a face at (1961.500000, 758.500000, -270.829620)

WARNING: Too many light styles on a face at (1891.500000, 758.000000, -270.829620)
2...3...4...5...6...7...8...9
WARNING: Too many light styles on a face at (1717.982666, 1244.000000, -289.464142)

WARNING: Too many light styles on a face at (1649.799927, 1256.000000, -272.690521)
...100...1...2...3...4...5...6...7...8...9...10transfers 3269088, max 1031
transfer lists:  24.9 megs
0...1...2...3...4...5...6...7...8...9...10	Bounce #1 added RGB(778268, 721088, 629863)
0...1...2...3...4...5...6...7...8...9...10	Bounce #2 added RGB(325709, 270280, 195823)
0...1...2...3...4...5...6...7...8...9...10	Bounce #3 added RGB(163588, 121860, 75292)
0...1...2...3...4...5...6...7...8...9...10	Bounce #4 added RGB(79701, 52426, 26989)
0...1...2...3...4...5...6...7...8...9...10	Bounce #5 added RGB(41234, 24185, 10536)
0...1...2...3...4...5...6...7...8...9...10	Bounce #6 added RGB(21210, 11044, 4031)
0...1...2...3...4...5...6...7...8...9...10	Bounce #7 added RGB(11141, 5183, 1597)
0...1...2...3...4...5...6...7...8...9...10	Bounce #8 added RGB(5847, 2427, 629)
0...1...2...3...4...5...6...7...8...9...10	Bounce #9 added RGB(3095, 1150, 251)
0...1...2...3...4...5...6...7...8...9...10	Bounce #10 added RGB(1639, 545, 100)
0...1...2...3...4...5...6...7...8...9...10	Bounce #11 added RGB(871, 260, 40)
0...1...2...3...4...5...6...7...8...9...10	Bounce #12 added RGB(464, 124, 16)
0...1...2...3...4...5...6...7...8...9...10	Bounce #13 added RGB(247, 59, 7)
0...1...2...3...4...5...6...7...8...9...10	Bounce #14 added RGB(132, 28, 3)
0...1...2...3...4...5...6...7...8...9...10	Bounce #15 added RGB(71, 14, 1)
0...1...2...3...4...5...6...7...8...9...10	Bounce #16 added RGB(38, 7, 0)
0...1...2...3...4...5...6...7...8...9...10	Bounce #17 added RGB(20, 3, 0)
0...1...2...3...4...5...6...7...8...9...10	Bounce #18 added RGB(11, 2, 0)
0...1...2...3...4...5...6...7...8...9...10	Bounce #19 added RGB(6, 1, 0)
0...1...2...3...4...5...6...7...8...9...10	Bounce #20 added RGB(3, 0, 0)
0...1...2...3...4...5...6...7...8...9...10	Bounce #21 added RGB(2, 0, 0)
0...1...2...3...4...5...6...7...8...9...10	Bounce #22 added RGB(1, 0, 0)
Build Patch/Sample Hash Table(s).....Done<0.0263 sec>
0...1...2...3...4...5...6...7...8...9...10FinalLightFace Done
0 of 0 (0% of) surface lights went in leaf ambient cubes.
0...1...2...3...4...5...6...7...8...9...10Writing leaf ambient...done
Ready to Finish

Object names       Objects/Maxobjs  Memory / Maxmem  Fullness 
------------       ---------------  ---------------  -------- 
models                  77/1024         3696/49152    ( 7.5%) 
brushes                684/8192         8208/98304    ( 8.3%) 
brushsides            4628/65536       37024/524288   ( 7.1%) 
planes                3144/65536       62880/1310720  ( 4.8%) 
vertexes              8908/65536      106896/786432   (13.6%) 
nodes                 2990/65536       95680/2097152  ( 4.6%) 
texinfos              1196/12288       86112/884736   ( 9.7%) 
texdata                 47/2048         1504/65536    ( 2.3%) 
dispinfos                6/0            1056/0        ( 0.0%) 
disp_verts             486/0            9720/0        ( 0.0%) 
disp_tris              768/0            1536/0        ( 0.0%) 
disp_lmsamples         824/0             824/0        ( 0.0%) 
faces                 5432/65536      304192/3670016  ( 8.3%) 
hdr faces                0/65536           0/3670016  ( 0.0%) 
origfaces             2587/65536      144872/3670016  ( 3.9%) 
leaves                3068/65536       98176/2097152  ( 4.7%) 
leaffaces             6308/65536       12616/131072   ( 9.6%) 
leafbrushes           2039/65536        4078/131072   ( 3.1%) 
areas                    2/256            16/2048     ( 0.8%) 
surfedges            36668/512000     146672/2048000  ( 7.2%) 
edges                20540/256000      82160/1024000  ( 8.0%) 
LDR worldlights         91/8192         9100/819200   ( 1.1%) 
HDR worldlights          0/8192            0/819200   ( 0.0%) 
leafwaterdata            0/32768           0/393216   ( 0.0%) 
waterstrips            553/32768        5530/327680   ( 1.7%) 
waterverts               0/65536           0/786432   ( 0.0%) 
waterindices          8436/65536       16872/131072   (12.9%) 
cubemapsamples           0/1024            0/16384    ( 0.0%) 
overlays                 0/512             0/180224   ( 0.0%) 
LDR lightdata         [variable]     1768596/0        ( 0.0%) 
HDR lightdata         [variable]           0/0        ( 0.0%) 
visdata               [variable]      339915/16777216 ( 2.0%) 
entdata               [variable]      552617/393216   (140.5%) VERY FULL!
LDR ambient table     3068/65536       12272/262144   ( 4.7%) 
HDR ambient table     3068/65536       12272/262144   ( 4.7%) 
LDR leaf ambient      7652/65536      214256/1835008  (11.7%) 
HDR leaf ambient      3068/65536       85904/1835008  ( 4.7%) 
occluders                0/0               0/0        ( 0.0%) 
occluder polygons        0/0               0/0        ( 0.0%) 
occluder vert ind        0/0               0/0        ( 0.0%) 
Prop Hull Verts          0/0               0/0        ( 0.0%) 
Prop Hull Blob           0/0               0/0        ( 0.0%) 
Prop Hull Lists          0/0               0/0        ( 0.0%) 
Prop Hulls               0/0               0/0        ( 0.0%) 
Prop Hull trilist        0/0               0/0        ( 0.0%) 
detail props          [variable]           1/12       ( 8.3%) 
static props          [variable]           1/20848    ( 0.0%) 
pakfile               [variable]      174545/0        ( 0.0%) 
physics               [variable]      276361/4194304  ( 6.6%) 
physics terrain       [variable]        1076/1048576  ( 0.1%) 

Level flags = 0

Total triangle count: 15517
Writing d:\documents\schooldays\edificio uno prueba.bsp
58 seconds elapsed



Using shader api: shaderapiempty.dll
materialPath: C:\Program Files (x86)\Steam\steamapps\common\left 4 dead 2\left4dead2\materials
Loading D:\Documents\SchoolDays\edificio uno prueba.vmf
fixing up env_cubemap materials on brush sides...
0...1...2...3...4...5...6...7...8...9...100...1...2...3...4...5...6...7...8...9...10Processing areas...done (0)
Building Faces...done (0)
Chop Details...done (0)
Find Visible Detail Sides...done (0)
Merging details...done (0)
FixTjuncs...
PruneNodes...
WriteBSP...
done (0)
writing D:\Documents\SchoolDays\edificio uno prueba.prt...Building visibility clusters...
done (0)
Finding displacement neighbors...
Finding lightmap sample positions...
Displacement Alpha : 0...1...2...3...4...5...6...7...8...9...10
Building Physics collision data...
done (2) (279849 bytes)
Cannot build Physics2 data
                                                             -----------
DataLinker total stream size                                     0.0 KiB
Error! To use model "models/props_interiors/trashcankitchen01.mdl"
      with prop_static, it must be compiled with $staticprop!
Error loading studio model "models/props_interiors/trashcankitchen01.mdl"!
Error! prop_static using model "models/props/cs_office/computer_mouse.mdl", which must be used on a dynamic entity (i.e. prop_physics). Deleted.
Error loading studio model "models/props/cs_office/computer_mouse.mdl"!
Placing detail props : 0...1...2...3...4...5...6...7...8...9...10
Compacting texture/material tables...
Reduced 1790 texinfos to 1180
Reduced 51 texdatas to 47 (1229 bytes to 1039)
Writing D:\Documents\SchoolDays\edificio uno prueba.bsp
5 seconds elapsed



4 threads
reading d:\documents\schooldays\edificio uno prueba.bsp
max farz in all env_fog_controller entities: -1.000000 (used for radial vis)
reading d:\documents\schooldays\edificio uno prueba.prt
1372 portalclusters
3924 numportals
0...1...2...3...4...5...6...7...8...9...10Optimized: 153059 visible clusters (0.00%)
Total clusters visible: 1030359
Average clusters visible: 750
Building PAS...
Average clusters audible: 1357
visdatasize:452965  compressed from 482944
writing d:\documents\schooldays\edificio uno prueba.bsp
2 seconds elapsed



[Reading texlights from 'lights.rad']
[2 texlights parsed from 'lights.rad']

Loading d:\documents\schooldays\edificio uno prueba.bsp
5659 faces
2 degenerate faces
262578 square feet [37811264.00 square inches]
6 Displacements
150 Square Feet [21627.13 Square Inches]
5657 patches before subdivision
31211 patches after subdivision
91 direct lights
0
WARNING: Too many light styles on a face at (1241.500000, 1648.000000, -268.000000)

WARNING: Too many light styles on a face at (1576.031982, 1440.698730, -268.000000)

WARNING: Too many light styles on a face at (1576.395508, 1440.714966, -268.000000)

WARNING: Too many light styles on a face at (1576.984741, 1440.384888, -268.000000)

WARNING: Too many light styles on a face at (1576.618896, 1440.606812, -268.000000)

WARNING: Too many light styles on a face at (1577.882324, 1439.880615, -268.000000)

WARNING: Too many light styles on a face at (1578.512817, 1439.111938, -268.000000)

WARNING: Too many light styles on a face at (1580.825806, 1438.060059, -268.000000)

WARNING: Too many light styles on a face at (1577.407349, 1440.107788, -268.000000)

WARNING: Too many light styles on a face at (1579.599609, 1438.260742, -268.000000)

WARNING: Too many light styles on a face at (1583.212158, 1439.794556, -268.000000)

WARNING: Too many light styles on a face at (1582.932739, 1441.663696, -268.000000)

WARNING: Too many light styles on a face at (1582.526733, 1444.554321, -268.000000)

WARNING: Too many light styles on a face at (1582.683838, 1437.996704, -268.000000)

WARNING: Too many light styles on a face at (1598.128174, 1451.531494, -268.000000)

WARNING: Too many light styles on a face at (1616.076172, 1467.019043, -268.000000)

WARNING: Too many light styles on a face at (1598.194214, 1469.031372, -268.000000)

WARNING: Too many light styles on a face at (1611.547241, 1469.125122, -268.000000)

WARNING: Too many light styles on a face at (1582.946777, 1443.038086, -268.000000)
.
WARNING: Too many light styles on a face at (1586.038574, 1466.613647, -268.000000)

WARNING: Too many light styles on a face at (1583.530029, 1469.224854, -268.000000)

WARNING: Too many light styles on a face at (1568.220093, 1469.603027, -268.000000)

WARNING: Too many light styles on a face at (1563.057129, 1469.494385, -268.000000)

WARNING: Too many light styles on a face at (1573.609985, 1469.499512, -268.000000)

WARNING: Too many light styles on a face at (1422.368164, 1469.374146, -268.000000)

WARNING: Too many light styles on a face at (1551.876587, 1470.067383, -268.000000)

WARNING: Too many light styles on a face at (1617.868164, 1469.374023, -268.000000)

WARNING: Too many light styles on a face at (1684.368164, 1216.248169, -268.000000)

WARNING: Too many light styles on a face at (1578.565308, 1469.501465, -268.000000)

WARNING: Too many light styles on a face at (1684.368164, 1641.124023, -268.000000)

WARNING: Too many light styles on a face at (1422.368164, 1634.124146, -268.000000)

WARNING: Too many light styles on a face at (1411.000000, 1256.000000, -281.510986)

WARNING: Too many light styles on a face at (1389.000000, 1256.000000, -281.510986)

WARNING: Too many light styles on a face at (1775.625000, 1256.000000, -292.580017)

WARNING: Too many light styles on a face at (1415.250000, 1256.000000, -280.510986)

WARNING: Too many light styles on a face at (1775.625000, 1256.000000, -272.750519)

WARNING: Too many light styles on a face at (1885.614990, 1256.000000, -292.580017)

WARNING: Too many light styles on a face at (1422.625000, 1256.000000, -272.750519)

WARNING: Too many light styles on a face at (1961.500000, 1257.000000, -272.925537)

WARNING: Too many light styles on a face at (1877.500000, 1641.000000, -272.925537)

WARNING: Too many light styles on a face at (1405.000000, 1256.000000, -280.510986)

WARNING: Too many light styles on a face at (1844.000000, 1641.000000, -272.925537)

WARNING: Too many light styles on a face at (1908.500000, 1641.000000, -272.925537)

WARNING: Too many light styles on a face at (1419.500000, 1259.005615, -270.829620)
.
WARNING: Too many light styles on a face at (1419.500000, 1434.480225, -268.010986)

WARNING: Too many light styles on a face at (1419.500000, 1462.995605, -270.829620)

WARNING: Too many light styles on a face at (1575.603760, 1440.762329, -357.000000)

WARNING: Too many light styles on a face at (1419.500000, 1446.480225, -268.010986)

WARNING: Too many light styles on a face at (1576.554688, 1440.512573, -357.000000)

WARNING: Too many light styles on a face at (1575.805420, 1440.534180, -357.000000)

WARNING: Too many light styles on a face at (1576.947021, 1440.334961, -357.000000)

WARNING: Too many light styles on a face at (1577.861206, 1439.807007, -357.000000)

WARNING: Too many light styles on a face at (1576.455811, 1440.720581, -357.000000)

WARNING: Too many light styles on a face at (1577.395386, 1440.079102, -357.000000)

WARNING: Too many light styles on a face at (1578.516357, 1439.120972, -357.000000)

WARNING: Too many light styles on a face at (1611.848511, 1422.369629, -357.000000)

WARNING: Too many light styles on a face at (1586.321167, 1428.239746, -357.000000)

WARNING: Too many light styles on a face at (1613.396362, 1427.208862, -357.000000)

WARNING: Too many light styles on a face at (1595.641113, 1458.432861, -357.000000)

WARNING: Too many light styles on a face at (1610.670166, 1459.159790, -357.000000)

WARNING: Too many light styles on a face at (1579.689331, 1437.925537, -357.000000)

WARNING: Too many light styles on a face at (1574.340942, 1445.256958, -357.000000)

WARNING: Too many light styles on a face at (1573.860718, 1445.031494, -357.000000)

WARNING: Too many light styles on a face at (1574.123413, 1445.186523, -357.000000)

WARNING: Too many light styles on a face at (1573.308228, 1444.706543, -357.000000)

WARNING: Too many light styles on a face at (1573.627563, 1444.857910, -357.000000)

WARNING: Too many light styles on a face at (1573.663574, 1442.531006, -357.000000)

WARNING: Too many light styles on a face at (1611.501465, 1473.694946, -357.000000)

WARNING: Too many light styles on a face at (1621.503052, 1429.552124, -357.000000)

WARNING: Too many light styles on a face at (1573.570068, 1442.933350, -357.000000)

WARNING: Too many light styles on a face at (1613.031494, 1409.058350, -357.000000)

WARNING: Too many light styles on a face at (1609.412476, 1404.872925, -357.000000)

WARNING: Too many light styles on a face at (1771.501709, 1419.919312, -357.000000)

WARNING: Too many light styles on a face at (1623.327759, 1476.122070, -357.000000)

WARNING: Too many light styles on a face at (1419.000000, 1641.000000, -272.925537)

WARNING: Too many light styles on a face at (1552.929565, 1395.042480, -357.000000)

WARNING: Too many light styles on a face at (1828.500000, 1413.949951, -356.500000)

WARNING: Too many light styles on a face at (1419.000000, 1641.000000, -358.425537)

WARNING: Too many light styles on a face at (1700.500000, 1473.694946, -354.000000)

WARNING: Too many light styles on a face at (1403.000000, 1641.000000, -277.425537)

WARNING: Too many light styles on a face at (1828.500000, 1411.920044, -354.000000)

WARNING: Too many light styles on a face at (1402.500000, 1424.990234, -276.830048)

WARNING: Too many light styles on a face at (1402.500000, 1255.989990, -279.264435)

WARNING: Too many light styles on a face at (1402.500000, 1617.510254, -276.830048)

WARNING: Too many light styles on a face at (1413.250000, 1641.000000, -356.425507)

WARNING: Too many light styles on a face at (1404.750000, 1299.013428, -353.000000)

WARNING: Too many light styles on a face at (1402.500000, 1625.010010, -278.264404)

WARNING: Too many light styles on a face at (1405.250000, 1634.506714, -353.000000)

WARNING: Too many light styles on a face at (1402.000000, 1618.506714, -353.000000)

WARNING: Too many light styles on a face at (1403.500000, 1640.000000, -280.511627)

WARNING: Too many light styles on a face at (1415.250000, 1623.005615, -277.000000)

WARNING: Too many light styles on a face at (1415.250000, 1426.995605, -277.000000)

WARNING: Too many light styles on a face at (1413.000000, 1262.853516, -277.000000)

WARNING: Too many light styles on a face at (1403.500000, 1629.500000, -280.511627)

WARNING: Too many light styles on a face at (1413.000000, 1458.843506, -277.000000)
.
WARNING: Too many light styles on a face at (1406.000000, 1636.500000, -277.000000)

WARNING: Too many light styles on a face at (1411.000000, 1626.853516, -279.000000)

WARNING: Too many light styles on a face at (1402.000000, 1625.000000, -280.511627)

WARNING: Too many light styles on a face at (1411.000000, 1430.843506, -279.000000)

WARNING: Too many light styles on a face at (1409.000000, 1575.799805, -356.250519)

WARNING: Too many light styles on a face at (1409.000000, 1259.399902, -356.250519)

WARNING: Too many light styles on a face at (1385.250000, 1315.013428, -353.000000)

WARNING: Too many light styles on a face at (1402.000000, 1426.995605, -277.000000)

WARNING: Too many light styles on a face at (1397.285645, 1617.516724, -353.000000)

WARNING: Too many light styles on a face at (1391.000000, 1299.013428, -353.000000)

WARNING: Too many light styles on a face at (1402.000000, 1620.505615, -277.000000)

WARNING: Too many light styles on a face at (1399.835571, 1623.020020, -285.702393)

WARNING: Too many light styles on a face at (1397.285645, 1299.013428, -353.000000)

WARNING: Too many light styles on a face at (1391.000000, 1618.506714, -353.000000)

WARNING: Too many light styles on a face at (1399.000000, 1257.990234, -279.000000)

WARNING: Too many light styles on a face at (1399.000000, 1461.980225, -279.000000)

WARNING: Too many light styles on a face at (1388.000000, 1625.000000, -268.011627)

WARNING: Too many light styles on a face at (1391.500000, 1625.000000, -280.511627)

WARNING: Too many light styles on a face at (1879.479980, 1247.055908, -296.841553)

WARNING: Too many light styles on a face at (1399.000000, 1257.979980, -279.264435)
1
WARNING: Too many light styles on a face at (1826.251099, 1252.820923, -291.658997)
..
WARNING: Too many light styles on a face at (1828.236328, 910.624084, -268.000000)

WARNING: Too many light styles on a face at (1812.236328, 1020.124084, -268.000000)
.
WARNING: Too many light styles on a face at (1961.500000, 758.500000, -270.829620)

WARNING: Too many light styles on a face at (1891.500000, 758.000000, -270.829620)
2...3...4...5...6...7...8...9
WARNING: Too many light styles on a face at (1717.982666, 1244.000000, -289.464142)
.
WARNING: Too many light styles on a face at (1649.799927, 1256.000000, -272.690521)
..100...1...2...3...4...5...6...7...8...9...10transfers 3261987, max 1089
transfer lists:  24.9 megs
0...1...2...3...4...5...6...7...8...9...10	Bounce #1 added RGB(760345, 703632, 614339)
0...1...2...3...4...5...6...7...8...9...10	Bounce #2 added RGB(319932, 265203, 192221)
0...1...2...3...4...5...6...7...8...9...10	Bounce #3 added RGB(159676, 119110, 73588)
0...1...2...3...4...5...6...7...8...9...10	Bounce #4 added RGB(77236, 50953, 26221)
0...1...2...3...4...5...6...7...8...9...10	Bounce #5 added RGB(39660, 23370, 10173)
0...1...2...3...4...5...6...7...8...9...10	Bounce #6 added RGB(20255, 10608, 3868)
0...1...2...3...4...5...6...7...8...9...10	Bounce #7 added RGB(10570, 4950, 1523)
0...1...2...3...4...5...6...7...8...9...10	Bounce #8 added RGB(5514, 2305, 596)
0...1...2...3...4...5...6...7...8...9...10	Bounce #9 added RGB(2902, 1087, 237)
0...1...2...3...4...5...6...7...8...9...10	Bounce #10 added RGB(1529, 512, 94)
0...1...2...3...4...5...6...7...8...9...10	Bounce #11 added RGB(809, 243, 38)
0...1...2...3...4...5...6...7...8...9...10	Bounce #12 added RGB(428, 115, 15)
0...1...2...3...4...5...6...7...8...9...10	Bounce #13 added RGB(227, 55, 6)
0...1...2...3...4...5...6...7...8...9...10	Bounce #14 added RGB(121, 26, 2)
0...1...2...3...4...5...6...7...8...9...10	Bounce #15 added RGB(64, 12, 1)
0...1...2...3...4...5...6...7...8...9...10	Bounce #16 added RGB(34, 6, 0)
0...1...2...3...4...5...6...7...8...9...10	Bounce #17 added RGB(18, 3, 0)
0...1...2...3...4...5...6...7...8...9...10	Bounce #18 added RGB(10, 1, 0)
0...1...2...3...4...5...6...7...8...9...10	Bounce #19 added RGB(5, 1, 0)
0...1...2...3...4...5...6...7...8...9...10	Bounce #20 added RGB(3, 0, 0)
0...1...2...3...4...5...6...7...8...9...10	Bounce #21 added RGB(1, 0, 0)
0...1...2...3...4...5...6...7...8...9...10	Bounce #22 added RGB(1, 0, 0)
Build Patch/Sample Hash Table(s).....Done<0.0277 sec>
0...1...2...3...4...5...6...7...8...9...10FinalLightFace Done
0 of 0 (0% of) surface lights went in leaf ambient cubes.
0...1...2...3...4...5...6...7...8...9...10Writing leaf ambient...done
Ready to Finish

Object names       Objects/Maxobjs  Memory / Maxmem  Fullness 
------------       ---------------  ---------------  -------- 
models                  77/1024         3696/49152    ( 7.5%) 
brushes                691/8192         8292/98304    ( 8.4%) 
brushsides            4670/65536       37360/524288   ( 7.1%) 
planes                3194/65536       63880/1310720  ( 4.9%) 
vertexes              9208/65536      110496/786432   (14.1%) 
nodes                 3163/65536      101216/2097152  ( 4.8%) 
texinfos              1180/12288       84960/884736   ( 9.6%) 
texdata                 47/2048         1504/65536    ( 2.3%) 
dispinfos                6/0            1056/0        ( 0.0%) 
disp_verts             486/0            9720/0        ( 0.0%) 
disp_tris              768/0            1536/0        ( 0.0%) 
disp_lmsamples         712/0             712/0        ( 0.0%) 
faces                 5659/65536      316904/3670016  ( 8.6%) 
hdr faces                0/65536           0/3670016  ( 0.0%) 
origfaces             2660/65536      148960/3670016  ( 4.1%) 
leaves                3241/65536      103712/2097152  ( 4.9%) 
leaffaces             6746/65536       13492/131072   (10.3%) 
leafbrushes           2076/65536        4152/131072   ( 3.2%) 
areas                    2/256            16/2048     ( 0.8%) 
surfedges            38308/512000     153232/2048000  ( 7.5%) 
edges                21412/256000      85648/1024000  ( 8.4%) 
LDR worldlights         91/8192         9100/819200   ( 1.1%) 
HDR worldlights          0/8192            0/819200   ( 0.0%) 
leafwaterdata            0/32768           0/393216   ( 0.0%) 
waterstrips            656/32768        6560/327680   ( 2.0%) 
waterverts               0/65536           0/786432   ( 0.0%) 
waterindices         10197/65536       20394/131072   (15.6%) 
cubemapsamples           0/1024            0/16384    ( 0.0%) 
overlays                 0/512             0/180224   ( 0.0%) 
LDR lightdata         [variable]     1813476/0        ( 0.0%) 
HDR lightdata         [variable]           0/0        ( 0.0%) 
visdata               [variable]      452965/16777216 ( 2.7%) 
entdata               [variable]      537667/393216   (136.7%) VERY FULL!
LDR ambient table     3241/65536       12964/262144   ( 4.9%) 
HDR ambient table     3241/65536       12964/262144   ( 4.9%) 
LDR leaf ambient      8925/65536      249900/1835008  (13.6%) 
HDR leaf ambient      3241/65536       90748/1835008  ( 4.9%) 
occluders                0/0               0/0        ( 0.0%) 
occluder polygons        0/0               0/0        ( 0.0%) 
occluder vert ind        0/0               0/0        ( 0.0%) 
Prop Hull Verts          0/0               0/0        ( 0.0%) 
Prop Hull Blob           0/0               0/0        ( 0.0%) 
Prop Hull Lists          0/0               0/0        ( 0.0%) 
Prop Hulls               0/0               0/0        ( 0.0%) 
Prop Hull trilist        0/0               0/0        ( 0.0%) 
detail props          [variable]           1/12       ( 8.3%) 
static props          [variable]           1/20954    ( 0.0%) 
pakfile               [variable]      174545/0        ( 0.0%) 
physics               [variable]      279849/4194304  ( 6.7%) 
physics terrain       [variable]        1076/1048576  ( 0.1%) 

Level flags = 0

Total triangle count: 16412
Writing d:\documents\schooldays\edificio uno prueba.bsp
50 seconds elapsed



Using shader api: shaderapiempty.dll
materialPath: C:\Program Files (x86)\Steam\steamapps\common\left 4 dead 2\left4dead2\materials
Loading D:\Documents\SchoolDays\edificio uno prueba.vmf
fixing up env_cubemap materials on brush sides...
0...1...2...3...4...5...6...7...8...9...100...1...2...3...4...5...6...7...8...9...10Processing areas...done (0)
Building Faces...done (0)
Chop Details...done (0)
Find Visible Detail Sides...done (0)
Merging details...done (0)
FixTjuncs...
PruneNodes...
WriteBSP...
done (0)
writing D:\Documents\SchoolDays\edificio uno prueba.prt...Building visibility clusters...
done (0)
Finding displacement neighbors...
Finding lightmap sample positions...
Displacement Alpha : 0...1...2...3...4...5...6...7...8...9...10
Building Physics collision data...
done (1) (279384 bytes)
Cannot build Physics2 data
                                                             -----------
DataLinker total stream size                                     0.0 KiB
Error! To use model "models/props_interiors/trashcankitchen01.mdl"
      with prop_static, it must be compiled with $staticprop!
Error loading studio model "models/props_interiors/trashcankitchen01.mdl"!
Error! prop_static using model "models/props/cs_office/computer_mouse.mdl", which must be used on a dynamic entity (i.e. prop_physics). Deleted.
Error loading studio model "models/props/cs_office/computer_mouse.mdl"!
Placing detail props : 0...1...2...3...4...5...6...7...8...9...10
Compacting texture/material tables...
Reduced 1783 texinfos to 1180
Reduced 50 texdatas to 46 (1211 bytes to 1021)
Writing D:\Documents\SchoolDays\edificio uno prueba.bsp
5 seconds elapsed



4 threads
reading d:\documents\schooldays\edificio uno prueba.bsp
max farz in all env_fog_controller entities: -1.000000 (used for radial vis)
reading d:\documents\schooldays\edificio uno prueba.prt
1383 portalclusters
3957 numportals
0...1...2...3...4...5...6...7...8...9...10Optimized: 151776 visible clusters (0.00%)
Total clusters visible: 1059807
Average clusters visible: 766
Building PAS...
Average clusters audible: 1368
visdatasize:462767  compressed from 486816
writing d:\documents\schooldays\edificio uno prueba.bsp
2 seconds elapsed



[Reading texlights from 'lights.rad']
[2 texlights parsed from 'lights.rad']

Loading d:\documents\schooldays\edificio uno prueba.bsp
5814 faces
2 degenerate faces
326535 square feet [47021120.00 square inches]
6 Displacements
180 Square Feet [25969.44 Square Inches]
5812 patches before subdivision
46860 patches after subdivision
91 direct lights
0
WARNING: Too many light styles on a face at (1241.500000, 1648.000000, -268.000000)

WARNING: Too many light styles on a face at (1576.031982, 1440.698730, -268.000000)

WARNING: Too many light styles on a face at (1576.618896, 1440.606812, -268.000000)

WARNING: Too many light styles on a face at (1576.395508, 1440.714966, -268.000000)

WARNING: Too many light styles on a face at (1576.984741, 1440.384888, -268.000000)

WARNING: Too many light styles on a face at (1577.882324, 1439.880615, -268.000000)

WARNING: Too many light styles on a face at (1579.599609, 1438.260742, -268.000000)

WARNING: Too many light styles on a face at (1578.512817, 1439.111938, -268.000000)

WARNING: Too many light styles on a face at (1582.683838, 1437.996704, -268.000000)

WARNING: Too many light styles on a face at (1580.825806, 1438.060059, -268.000000)
.
WARNING: Too many light styles on a face at (1577.407349, 1440.107788, -268.000000)

WARNING: Too many light styles on a face at (1582.946777, 1443.038086, -268.000000)

WARNING: Too many light styles on a face at (1582.932739, 1441.663696, -268.000000)

WARNING: Too many light styles on a face at (1598.128174, 1451.531494, -268.000000)

WARNING: Too many light styles on a face at (1616.076172, 1467.019043, -268.000000)

WARNING: Too many light styles on a face at (1611.547241, 1469.125122, -268.000000)

WARNING: Too many light styles on a face at (1598.194214, 1469.031372, -268.000000)

WARNING: Too many light styles on a face at (1582.526733, 1444.554321, -268.000000)

WARNING: Too many light styles on a face at (1583.212158, 1439.794556, -268.000000)

WARNING: Too many light styles on a face at (1583.530029, 1469.224854, -268.000000)

WARNING: Too many light styles on a face at (1586.038574, 1466.613647, -268.000000)

WARNING: Too many light styles on a face at (1568.220093, 1469.603027, -268.000000)

WARNING: Too many light styles on a face at (1563.057129, 1469.494385, -268.000000)

WARNING: Too many light styles on a face at (1551.876587, 1470.067383, -268.000000)

WARNING: Too many light styles on a face at (1573.609985, 1469.499512, -268.000000)

WARNING: Too many light styles on a face at (1684.368164, 1216.248169, -268.000000)

WARNING: Too many light styles on a face at (1617.868164, 1469.374023, -268.000000)

WARNING: Too many light styles on a face at (1422.368164, 1469.374146, -268.000000)

WARNING: Too many light styles on a face at (1422.368164, 1634.124146, -268.000000)

WARNING: Too many light styles on a face at (1684.368164, 1641.124023, -268.000000)

WARNING: Too many light styles on a face at (1578.565308, 1469.501465, -268.000000)

WARNING: Too many light styles on a face at (1411.000000, 1256.000000, -281.510986)

WARNING: Too many light styles on a face at (1415.250000, 1256.000000, -280.510986)

WARNING: Too many light styles on a face at (1885.614990, 1256.000000, -292.580017)

WARNING: Too many light styles on a face at (1775.625000, 1256.000000, -292.580017)

WARNING: Too many light styles on a face at (1405.000000, 1256.000000, -280.510986)

WARNING: Too many light styles on a face at (1775.625000, 1256.000000, -272.750519)

WARNING: Too many light styles on a face at (1389.000000, 1256.000000, -281.510986)

WARNING: Too many light styles on a face at (1908.500000, 1641.000000, -272.925537)

WARNING: Too many light styles on a face at (1877.500000, 1641.000000, -272.925537)

WARNING: Too many light styles on a face at (1844.000000, 1641.000000, -272.925537)
.
WARNING: Too many light styles on a face at (1422.625000, 1256.000000, -272.750519)

WARNING: Too many light styles on a face at (1419.500000, 1259.005615, -270.829620)

WARNING: Too many light styles on a face at (1419.500000, 1446.480225, -268.010986)

WARNING: Too many light styles on a face at (1419.500000, 1462.995605, -270.829620)

WARNING: Too many light styles on a face at (1961.500000, 1257.000000, -272.925537)

WARNING: Too many light styles on a face at (1575.603760, 1440.762329, -357.000000)

WARNING: Too many light styles on a face at (1575.805420, 1440.534180, -357.000000)

WARNING: Too many light styles on a face at (1576.554688, 1440.512573, -357.000000)

WARNING: Too many light styles on a face at (1576.947021, 1440.334961, -357.000000)

WARNING: Too many light styles on a face at (1576.455811, 1440.720581, -357.000000)

WARNING: Too many light styles on a face at (1577.861206, 1439.807007, -357.000000)

WARNING: Too many light styles on a face at (1577.395386, 1440.079102, -357.000000)

WARNING: Too many light styles on a face at (1579.689331, 1437.925537, -357.000000)

WARNING: Too many light styles on a face at (1578.516357, 1439.120972, -357.000000)

WARNING: Too many light styles on a face at (1586.321167, 1428.239746, -357.000000)

WARNING: Too many light styles on a face at (1613.396362, 1427.208862, -357.000000)

WARNING: Too many light styles on a face at (1419.500000, 1434.480225, -268.010986)

WARNING: Too many light styles on a face at (1611.848511, 1422.369629, -357.000000)

WARNING: Too many light styles on a face at (1595.641113, 1458.432861, -357.000000)

WARNING: Too many light styles on a face at (1621.503052, 1429.552124, -357.000000)

WARNING: Too many light styles on a face at (1574.340942, 1445.256958, -357.000000)

WARNING: Too many light styles on a face at (1574.123413, 1445.186523, -357.000000)

WARNING: Too many light styles on a face at (1573.627563, 1444.857910, -357.000000)

WARNING: Too many light styles on a face at (1610.670166, 1459.159790, -357.000000)

WARNING: Too many light styles on a face at (1573.570068, 1442.933350, -357.000000)

WARNING: Too many light styles on a face at (1573.663574, 1442.531006, -357.000000)

WARNING: Too many light styles on a face at (1611.501465, 1473.694946, -357.000000)

WARNING: Too many light styles on a face at (1573.860718, 1445.031494, -357.000000)

WARNING: Too many light styles on a face at (1623.327759, 1476.122070, -357.000000)

WARNING: Too many light styles on a face at (1573.308228, 1444.706543, -357.000000)

WARNING: Too many light styles on a face at (1552.929565, 1395.042480, -357.000000)

WARNING: Too many light styles on a face at (1771.501709, 1419.919312, -357.000000)

WARNING: Too many light styles on a face at (1419.000000, 1641.000000, -272.925537)

WARNING: Too many light styles on a face at (1700.500000, 1473.694946, -354.000000)

WARNING: Too many light styles on a face at (1609.412476, 1404.872925, -357.000000)

WARNING: Too many light styles on a face at (1828.500000, 1413.949951, -356.500000)

WARNING: Too many light styles on a face at (1613.031494, 1409.058350, -357.000000)

WARNING: Too many light styles on a face at (1828.500000, 1411.920044, -354.000000)

WARNING: Too many light styles on a face at (1419.000000, 1641.000000, -358.425537)

WARNING: Too many light styles on a face at (1402.500000, 1424.990234, -276.830048)

WARNING: Too many light styles on a face at (1402.500000, 1255.989990, -279.264435)

WARNING: Too many light styles on a face at (1413.250000, 1641.000000, -356.425507)

WARNING: Too many light styles on a face at (1402.500000, 1625.010010, -278.264404)

WARNING: Too many light styles on a face at (1403.000000, 1641.000000, -277.425537)

WARNING: Too many light styles on a face at (1402.000000, 1618.506714, -353.000000)

WARNING: Too many light styles on a face at (1404.750000, 1299.013428, -353.000000)

WARNING: Too many light styles on a face at (1403.500000, 1640.000000, -280.511627)

WARNING: Too many light styles on a face at (1403.500000, 1629.500000, -280.511627)

WARNING: Too many light styles on a face at (1415.250000, 1426.995605, -277.000000)

WARNING: Too many light styles on a face at (1405.250000, 1634.506714, -353.000000)

WARNING: Too many light styles on a face at (1415.250000, 1623.005615, -277.000000)

WARNING: Too many light styles on a face at (1402.500000, 1617.510254, -276.830048)
.
WARNING: Too many light styles on a face at (1406.000000, 1636.500000, -277.000000)

WARNING: Too many light styles on a face at (1411.000000, 1626.853516, -279.000000)

WARNING: Too many light styles on a face at (1413.000000, 1458.843506, -277.000000)

WARNING: Too many light styles on a face at (1413.000000, 1262.853516, -277.000000)

WARNING: Too many light styles on a face at (1411.000000, 1430.843506, -279.000000)

WARNING: Too many light styles on a face at (1402.000000, 1426.995605, -277.000000)

WARNING: Too many light styles on a face at (1402.000000, 1620.505615, -277.000000)

WARNING: Too many light styles on a face at (1409.000000, 1575.799805, -356.250519)

WARNING: Too many light styles on a face at (1402.000000, 1625.000000, -280.511627)

WARNING: Too many light styles on a face at (1397.285645, 1299.013428, -353.000000)

WARNING: Too many light styles on a face at (1409.000000, 1259.399902, -356.250519)

WARNING: Too many light styles on a face at (1397.285645, 1617.516724, -353.000000)

WARNING: Too many light styles on a face at (1385.250000, 1315.013428, -353.000000)

WARNING: Too many light styles on a face at (1391.000000, 1618.506714, -353.000000)

WARNING: Too many light styles on a face at (1399.000000, 1257.990234, -279.000000)

WARNING: Too many light styles on a face at (1391.000000, 1299.013428, -353.000000)

WARNING: Too many light styles on a face at (1399.000000, 1257.979980, -279.264435)

WARNING: Too many light styles on a face at (1399.000000, 1461.980225, -279.000000)

WARNING: Too many light styles on a face at (1391.500000, 1625.000000, -280.511627)

WARNING: Too many light styles on a face at (1399.835571, 1623.020020, -285.702393)

WARNING: Too many light styles on a face at (1879.479980, 1247.055908, -296.841553)

WARNING: Too many light styles on a face at (1826.251099, 1252.820923, -291.658997)

WARNING: Too many light styles on a face at (1388.000000, 1625.000000, -268.011627)
1
WARNING: Too many light styles on a face at (8.000001, 2116.000000, -249.500229)

WARNING: Too many light styles on a face at (8.000000, 2116.000000, -200.000031)

WARNING: Too many light styles on a face at (-385.000000, 2056.000000, -249.500229)

WARNING: Too many light styles on a face at (-385.000000, 2104.000000, -24.000000)

WARNING: Too many light styles on a face at (-24.000000, 2116.000000, -24.000031)

WARNING: Too many light styles on a face at (-385.000000, 2116.000000, -249.500214)

WARNING: Too many light styles on a face at (-385.000000, 1032.000000, -249.500229)

WARNING: Too many light styles on a face at (-385.000000, 1496.000000, -24.000000)

WARNING: Too many light styles on a face at (-385.000000, 1528.000000, -249.500214)

WARNING: Too many light styles on a face at (-385.000000, 1992.000000, -24.000000)

WARNING: Too many light styles on a face at (-385.000000, 2024.000000, -249.500214)
.
WARNING: Too many light styles on a face at (-385.000000, 2024.000000, -40.000000)
.
WARNING: Too many light styles on a face at (1828.236328, 910.624084, -268.000000)

WARNING: Too many light styles on a face at (1812.236328, 1020.124084, -268.000000)
.
WARNING: Too many light styles on a face at (1961.500000, 758.500000, -270.829620)

WARNING: Too many light styles on a face at (1891.500000, 758.000000, -270.829620)
2...3...4...5...6...7...8...9
WARNING: Too many light styles on a face at (-385.000000, 8.000001, -249.500229)

WARNING: Too many light styles on a face at (-385.000000, 456.000061, -8.000000)

WARNING: Too many light styles on a face at (-385.000000, 504.000000, -249.500214)

WARNING: Too many light styles on a face at (-385.000000, 1000.000000, -40.000000)

WARNING: Too many light styles on a face at (-385.000000, 968.000000, -24.000000)

WARNING: Too many light styles on a face at (-385.000000, 1000.000000, -249.500214)

WARNING: Too many light styles on a face at (1717.982666, 1244.000000, -289.464142)

WARNING: Too many light styles on a face at (1649.799927, 1256.000000, -272.690521)
...100...1...2...3...4...5...6...7...8...9...10transfers 10931576, max 1749
transfer lists:  83.4 megs
0...1...2...3...4...5...6...7...8...9...10	Bounce #1 added RGB(489724, 462430, 407159)
0...1...2...3...4...5...6...7...8...9...10	Bounce #2 added RGB(177355, 152971, 112863)
0...1...2...3...4...5...6...7...8...9...10	Bounce #3 added RGB(79577, 62086, 39336)
0...1...2...3...4...5...6...7...8...9...10	Bounce #4 added RGB(34656, 23697, 12538)
0...1...2...3...4...5...6...7...8...9...10	Bounce #5 added RGB(16585, 9977, 4473)
0...1...2...3...4...5...6...7...8...9...10	Bounce #6 added RGB(7994, 4185, 1568)
0...1...2...3...4...5...6...7...8...9...10	Bounce #7 added RGB(3996, 1833, 579)
0...1...2...3...4...5...6...7...8...9...10	Bounce #8 added RGB(2016, 809, 214)
0...1...2...3...4...5...6...7...8...9...10	Bounce #9 added RGB(1032, 364, 81)
0...1...2...3...4...5...6...7...8...9...10	Bounce #10 added RGB(532, 165, 31)
0...1...2...3...4...5...6...7...8...9...10	Bounce #11 added RGB(276, 75, 12)
0...1...2...3...4...5...6...7...8...9...10	Bounce #12 added RGB(144, 35, 5)
0...1...2...3...4...5...6...7...8...9...10	Bounce #13 added RGB(75, 16, 2)
0...1...2...3...4...5...6...7...8...9...10	Bounce #14 added RGB(40, 7, 1)
0...1...2...3...4...5...6...7...8...9...10	Bounce #15 added RGB(21, 3, 0)
0...1...2...3...4...5...6...7...8...9...10	Bounce #16 added RGB(11, 2, 0)
0...1...2...3...4...5...6...7...8...9...10	Bounce #17 added RGB(6, 1, 0)
0...1...2...3...4...5...6...7...8...9...10	Bounce #18 added RGB(3, 0, 0)
0...1...2...3...4...5...6...7...8...9...10	Bounce #19 added RGB(2, 0, 0)
0...1...2...3...4...5...6...7...8...9...10	Bounce #20 added RGB(1, 0, 0)
Build Patch/Sample Hash Table(s).....Done<0.0613 sec>
0...1...2...3...4...5...6...7...8...9...10FinalLightFace Done
0 of 0 (0% of) surface lights went in leaf ambient cubes.
0...1...2...3...4...5...6...7...8...9...10Writing leaf ambient...done
Ready to Finish

Object names       Objects/Maxobjs  Memory / Maxmem  Fullness 
------------       ---------------  ---------------  -------- 
models                  78/1024         3744/49152    ( 7.6%) 
brushes                690/8192         8280/98304    ( 8.4%) 
brushsides            4664/65536       37312/524288   ( 7.1%) 
planes                3190/65536       63800/1310720  ( 4.9%) 
vertexes              9393/65536      112716/786432   (14.3%) 
nodes                 3199/65536      102368/2097152  ( 4.9%) 
texinfos              1180/12288       84960/884736   ( 9.6%) 
texdata                 46/2048         1472/65536    ( 2.2%) 
dispinfos                6/0            1056/0        ( 0.0%) 
disp_verts             486/0            9720/0        ( 0.0%) 
disp_tris              768/0            1536/0        ( 0.0%) 
disp_lmsamples         824/0             824/0        ( 0.0%) 
faces                 5814/65536      325584/3670016  ( 8.9%) 
hdr faces                0/65536           0/3670016  ( 0.0%) 
origfaces             2661/65536      149016/3670016  ( 4.1%) 
leaves                3278/65536      104896/2097152  ( 5.0%) 
leaffaces             6978/65536       13956/131072   (10.6%) 
leafbrushes           2070/65536        4140/131072   ( 3.2%) 
areas                    2/256            16/2048     ( 0.8%) 
surfedges            38930/512000     155720/2048000  ( 7.6%) 
edges                21723/256000      86892/1024000  ( 8.5%) 
LDR worldlights         91/8192         9100/819200   ( 1.1%) 
HDR worldlights          0/8192            0/819200   ( 0.0%) 
leafwaterdata            0/32768           0/393216   ( 0.0%) 
waterstrips            651/32768        6510/327680   ( 2.0%) 
waterverts               0/65536           0/786432   ( 0.0%) 
waterindices         10047/65536       20094/131072   (15.3%) 
cubemapsamples           0/1024            0/16384    ( 0.0%) 
overlays                 0/512             0/180224   ( 0.0%) 
LDR lightdata         [variable]     2987488/0        ( 0.0%) 
HDR lightdata         [variable]           0/0        ( 0.0%) 
visdata               [variable]      462767/16777216 ( 2.8%) 
entdata               [variable]      538844/393216   (137.0%) VERY FULL!
LDR ambient table     3278/65536       13112/262144   ( 5.0%) 
HDR ambient table     3278/65536       13112/262144   ( 5.0%) 
LDR leaf ambient      9402/65536      263256/1835008  (14.3%) 
HDR leaf ambient      3278/65536       91784/1835008  ( 5.0%) 
occluders                0/0               0/0        ( 0.0%) 
occluder polygons        0/0               0/0        ( 0.0%) 
occluder vert ind        0/0               0/0        ( 0.0%) 
Prop Hull Verts          0/0               0/0        ( 0.0%) 
Prop Hull Blob           0/0               0/0        ( 0.0%) 
Prop Hull Lists          0/0               0/0        ( 0.0%) 
Prop Hulls               0/0               0/0        ( 0.0%) 
Prop Hull trilist        0/0               0/0        ( 0.0%) 
detail props          [variable]           1/12       ( 8.3%) 
static props          [variable]           1/20888    ( 0.0%) 
pakfile               [variable]      174545/0        ( 0.0%) 
physics               [variable]      279384/4194304  ( 6.7%) 
physics terrain       [variable]        1076/1048576  ( 0.1%) 

Level flags = 0

Total triangle count: 16720
Writing d:\documents\schooldays\edificio uno prueba.bsp
1 minute, 0 seconds elapsed
