


Using shader api: shaderapiempty.dll
materialPath: C:\Program Files (x86)\Steam\steamapps\common\left 4 dead 2\left4dead2\materials
Loading D:\Documents\GitHub\SchoolDays\L4D_SV_ESTATLCTM.vmf
fixing up env_cubemap materials on brush sides...
0...1...2...3...4...5...6...7...8...9...100...1...2...3...4...5...6...7...8...9...10Processing areas...done (0)
Building Faces...done (0)
Chop Details...done (0)
Find Visible Detail Sides...done (0)
Merging details...done (0)
FixTjuncs...
PruneNodes...
WriteBSP...
done (0)
writing D:\Documents\GitHub\SchoolDays\L4D_SV_ESTATLCTM.prt...Building visibility clusters...
done (0)
Finding displacement neighbors...
Found a displacement edge abutting multiple other edges.
Finding lightmap sample positions...
Displacement Alpha : 0...1...2...3...4...5...6...7...8...9...10
Building Physics collision data...
done (1) (511116 bytes)
Cannot build Physics2 data
                                                             -----------
DataLinker total stream size                                     0.0 KiB
Error! To use model "models/props_interiors/trashcankitchen01.mdl"
      with prop_static, it must be compiled with $staticprop!
Error loading studio model "models/props_interiors/trashcankitchen01.mdl"!
Error! prop_static using model "models/props/cs_office/computer_mouse.mdl", which must be used on a dynamic entity (i.e. prop_physics). Deleted.
Error loading studio model "models/props/cs_office/computer_mouse.mdl"!
Error! prop_static using model "models/props_plants/pottedplant_tall01.mdl", which must be used on a dynamic entity (i.e. prop_physics). Deleted.
Error loading studio model "models/props_plants/pottedplant_tall01.mdl"!
Placing detail props : 0...1...2...3...4...5...6...7...8...9...10
Compacting texture/material tables...
Reduced 3169 texinfos to 2197
Reduced 113 texdatas to 104 (2692 bytes to 2340)
Writing D:\Documents\GitHub\SchoolDays\L4D_SV_ESTATLCTM.bsp
8 seconds elapsed



4 threads
reading d:\documents\github\schooldays\L4D_SV_ESTATLCTM.bsp
max farz in all env_fog_controller entities: -1.000000 (used for radial vis)
reading d:\documents\github\schooldays\L4D_SV_ESTATLCTM.prt
4032 portalclusters
13603 numportals
0...1...2...3...4...5...6...7...8...9...10Optimized: 929468 visible clusters (0.00%)
Total clusters visible: 13231969
Average clusters visible: 3281
Building PAS...
Average clusters audible: 4025
visdatasize:3943455  compressed from 4064256
writing d:\documents\github\schooldays\L4D_SV_ESTATLCTM.bsp
8 seconds elapsed



[Reading texlights from 'lights.rad']
[2 texlights parsed from 'lights.rad']

Loading d:\documents\github\schooldays\L4D_SV_ESTATLCTM.bsp
12850 faces
122 degenerate faces
644505 square feet [92808792.00 square inches]
72 Displacements
13296 Square Feet [1914645.00 Square Inches]
12728 patches before subdivision
82958 patches after subdivision
light has _fifty_percent_distance of 464.000000 but _zero_percent_distance of 0.000000
light has _fifty_percent_distance of 208.000000 but _zero_percent_distance of 0.000000
light has _fifty_percent_distance of 464.000000 but _zero_percent_distance of 0.000000
light has _fifty_percent_distance of 464.000000 but _zero_percent_distance of 0.000000
light has _fifty_percent_distance of 464.000000 but _zero_percent_distance of 0.000000
light has _fifty_percent_distance of 464.000000 but _zero_percent_distance of 0.000000
light has _fifty_percent_distance of 464.000000 but _zero_percent_distance of 0.000000
light has _fifty_percent_distance of 464.000000 but _zero_percent_distance of 0.000000
light has _fifty_percent_distance of 464.000000 but _zero_percent_distance of 0.000000
light has _fifty_percent_distance of 464.000000 but _zero_percent_distance of 0.000000
light has _fifty_percent_distance of 464.000000 but _zero_percent_distance of 0.000000
light has _fifty_percent_distance of 464.000000 but _zero_percent_distance of 0.000000
light has _fifty_percent_distance of 464.000000 but _zero_percent_distance of 0.000000
light has _fifty_percent_distance of 464.000000 but _zero_percent_distance of 0.000000
light has _fifty_percent_distance of 464.000000 but _zero_percent_distance of 0.000000
light has _fifty_percent_distance of 464.000000 but _zero_percent_distance of 0.000000
light has _fifty_percent_distance of 464.000000 but _zero_percent_distance of 0.000000
light has _fifty_percent_distance of 464.000000 but _zero_percent_distance of 0.000000
light has _fifty_percent_distance of 464.000000 but _zero_percent_distance of 0.000000
light has _fifty_percent_distance of 464.000000 but _zero_percent_distance of 0.000000
light has _fifty_percent_distance of 464.000000 but _zero_percent_distance of 0.000000
light has _fifty_percent_distance of 464.000000 but _zero_percent_distance of 0.000000
light has _fifty_percent_distance of 464.000000 but _zero_percent_distance of 0.000000
light has _fifty_percent_distance of 464.000000 but _zero_percent_distance of 0.000000
light has _fifty_percent_distance of 464.000000 but _zero_percent_distance of 0.000000
light has _fifty_percent_distance of 464.000000 but _zero_percent_distance of 0.000000
light has _fifty_percent_distance of 464.000000 but _zero_percent_distance of 0.000000
light has _fifty_percent_distance of 464.000000 but _zero_percent_distance of 0.000000
light has _fifty_percent_distance of 464.000000 but _zero_percent_distance of 0.000000
light has _fifty_percent_distance of 464.000000 but _zero_percent_distance of 0.000000
light has _fifty_percent_distance of 464.000000 but _zero_percent_distance of 0.000000
light has _fifty_percent_distance of 464.000000 but _zero_percent_distance of 0.000000
light has _fifty_percent_distance of 464.000000 but _zero_percent_distance of 0.000000
light has _fifty_percent_distance of 464.000000 but _zero_percent_distance of 0.000000
light has _fifty_percent_distance of 464.000000 but _zero_percent_distance of 0.000000
light has _fifty_percent_distance of 464.000000 but _zero_percent_distance of 0.000000
light has _fifty_percent_distance of 464.000000 but _zero_percent_distance of 0.000000
light has _fifty_percent_distance of 464.000000 but _zero_percent_distance of 0.000000
light has _fifty_percent_distance of 464.000000 but _zero_percent_distance of 0.000000
light has _fifty_percent_distance of 464.000000 but _zero_percent_distance of 0.000000
light has _fifty_percent_distance of 464.000000 but _zero_percent_distance of 0.000000
light has _fifty_percent_distance of 464.000000 but _zero_percent_distance of 0.000000
light has _fifty_percent_distance of 464.000000 but _zero_percent_distance of 0.000000
light has _fifty_percent_distance of 464.000000 but _zero_percent_distance of 0.000000
light has _fifty_percent_distance of 464.000000 but _zero_percent_distance of 0.000000
light has _fifty_percent_distance of 464.000000 but _zero_percent_distance of 0.000000
light has _fifty_percent_distance of 208.000000 but _zero_percent_distance of 0.000000
light has _fifty_percent_distance of 208.000000 but _zero_percent_distance of 0.000000
light has _fifty_percent_distance of 464.000000 but _zero_percent_distance of 0.000000
209 direct lights
0...1...2...3...4...5...6...7...8...9...100...1...2...3...4...5...6...7...8...9...10transfers 18558336, max 2292
transfer lists: 141.6 megs
0...1...2...3...4...5...6...7...8...9...10	Bounce #1 added RGB(1418850, 1297490, 1110451)
0...1...2...3...4...5...6...7...8...9...10	Bounce #2 added RGB(574143, 474566, 339155)
0...1...2...3...4...5...6...7...8...9...10	Bounce #3 added RGB(266615, 196128, 119031)
0...1...2...3...4...5...6...7...8...9...10	Bounce #4 added RGB(126292, 81740, 41493)
0...1...2...3...4...5...6...7...8...9...10	Bounce #5 added RGB(63103, 36062, 15457)
0...1...2...3...4...5...6...7...8...9...10	Bounce #6 added RGB(31788, 16020, 5754)
0...1...2...3...4...5...6...7...8...9...10	Bounce #7 added RGB(16344, 7300, 2209)
0...1...2...3...4...5...6...7...8...9...10	Bounce #8 added RGB(8433, 3340, 849)
0...1...2...3...4...5...6...7...8...9...10	Bounce #9 added RGB(4390, 1547, 331)
0...1...2...3...4...5...6...7...8...9...10	Bounce #10 added RGB(2290, 718, 129)
0...1...2...3...4...5...6...7...8...9...10	Bounce #11 added RGB(1201, 336, 51)
0...1...2...3...4...5...6...7...8...9...10	Bounce #12 added RGB(631, 157, 20)
0...1...2...3...4...5...6...7...8...9...10	Bounce #13 added RGB(332, 74, 8)
0...1...2...3...4...5...6...7...8...9...10	Bounce #14 added RGB(175, 35, 3)
0...1...2...3...4...5...6...7...8...9...10	Bounce #15 added RGB(93, 16, 1)
0...1...2...3...4...5...6...7...8...9...10	Bounce #16 added RGB(49, 8, 1)
0...1...2...3...4...5...6...7...8...9...10	Bounce #17 added RGB(26, 4, 0)
0...1...2...3...4...5...6...7...8...9...10	Bounce #18 added RGB(14, 2, 0)
0...1...2...3...4...5...6...7...8...9...10	Bounce #19 added RGB(7, 1, 0)
0...1...2...3...4...5...6...7...8...9...10	Bounce #20 added RGB(4, 0, 0)
0...1...2...3...4...5...6...7...8...9...10	Bounce #21 added RGB(2, 0, 0)
0...1...2...3...4...5...6...7...8...9...10	Bounce #22 added RGB(1, 0, 0)
0...1...2...3...4...5...6...7...8...9...10	Bounce #23 added RGB(1, 0, 0)
Build Patch/Sample Hash Table(s).....Done<0.0272 sec>
0...1...2...3...4...5...6...7...8...9...10FinalLightFace Done
0 of 0 (0% of) surface lights went in leaf ambient cubes.
0...1...2...3...4...5...6...7...8...9...10Writing leaf ambient...done
Ready to Finish

Object names       Objects/Maxobjs  Memory / Maxmem  Fullness 
------------       ---------------  ---------------  -------- 
models                  93/1024         4464/49152    ( 9.1%) 
brushes               1222/8192        14664/98304    (14.9%) 
brushsides            9754/65536       78032/524288   (14.9%) 
planes                9044/65536      180880/1310720  (13.8%) 
vertexes             20215/65536      242580/786432   (30.8%) 
nodes                 7553/65536      241696/2097152  (11.5%) 
texinfos              2197/12288      158184/884736   (17.9%) 
texdata                104/2048         3328/65536    ( 5.1%) 
dispinfos               72/0           12672/0        ( 0.0%) 
disp_verts            4728/0           94560/0        ( 0.0%) 
disp_tris             7488/0           14976/0        ( 0.0%) 
disp_lmsamples       49248/0           49248/0        ( 0.0%) 
faces                12850/65536      719600/3670016  (19.6%) 
hdr faces                0/65536           0/3670016  ( 0.0%) 
origfaces             5297/65536      296632/3670016  ( 8.1%) 
leaves                7647/65536      244704/2097152  (11.7%) 
leaffaces            15013/65536       30026/131072   (22.9%) 
leafbrushes           4319/65536        8638/131072   ( 6.6%) 
areas                    3/256            24/2048     ( 1.2%) 
surfedges            84925/512000     339700/2048000  (16.6%) 
edges                47066/256000     188264/1024000  (18.4%) 
LDR worldlights        209/8192        20900/819200   ( 2.6%) 
HDR worldlights          0/8192            0/819200   ( 0.0%) 
leafwaterdata            0/32768           0/393216   ( 0.0%) 
waterstrips           1583/32768       15830/327680   ( 4.8%) 
waterverts               0/65536           0/786432   ( 0.0%) 
waterindices         24216/65536       48432/131072   (37.0%) 
cubemapsamples           0/1024            0/16384    ( 0.0%) 
overlays                 0/512             0/180224   ( 0.0%) 
LDR lightdata         [variable]     3862344/0        ( 0.0%) 
HDR lightdata         [variable]           0/0        ( 0.0%) 
visdata               [variable]     3943455/16777216 (23.5%) 
entdata               [variable]      868312/393216   (220.8%) VERY FULL!
LDR ambient table     7647/65536       30588/262144   (11.7%) 
HDR ambient table     7647/65536       30588/262144   (11.7%) 
LDR leaf ambient     21206/65536      593768/1835008  (32.4%) 
HDR leaf ambient      7647/65536      214116/1835008  (11.7%) 
occluders                0/0               0/0        ( 0.0%) 
occluder polygons        0/0               0/0        ( 0.0%) 
occluder vert ind        0/0               0/0        ( 0.0%) 
Prop Hull Verts          0/0               0/0        ( 0.0%) 
Prop Hull Blob           0/0               0/0        ( 0.0%) 
Prop Hull Lists          0/0               0/0        ( 0.0%) 
Prop Hulls               0/0               0/0        ( 0.0%) 
Prop Hull trilist        0/0               0/0        ( 0.0%) 
detail props          [variable]           1/12       ( 8.3%) 
static props          [variable]           1/51678    ( 0.0%) 
pakfile               [variable]      175178/0        ( 0.0%) 
physics               [variable]      511116/4194304  (12.2%) 
physics terrain       [variable]       13648/1048576  ( 1.3%) 

Level flags = 0

Total triangle count: 37515
Writing d:\documents\github\schooldays\L4D_SV_ESTATLCTM.bsp
1 minute, 2 seconds elapsed



Using shader api: shaderapiempty.dll
materialPath: C:\Program Files (x86)\Steam\steamapps\common\left 4 dead 2\left4dead2\materials
Loading D:\Documents\GitHub\SchoolDays\L4D_SV_ESTATLCTM.vmf
fixing up env_cubemap materials on brush sides...
0...1...2...3...4...5...6...7...8...9...100...1...2...3...4...5...6...7...8...9...10Processing areas...done (0)
Building Faces...done (0)
Chop Details...done (0)
Find Visible Detail Sides...done (0)
Merging details...done (0)
FixTjuncs...
PruneNodes...
WriteBSP...
done (0)
writing D:\Documents\GitHub\SchoolDays\L4D_SV_ESTATLCTM.prt...Building visibility clusters...
done (1)
Finding displacement neighbors...
Found a displacement edge abutting multiple other edges.
Finding lightmap sample positions...
Displacement Alpha : 0...1...2...3...4...5...6...7...8...9...10
Building Physics collision data...
done (0) (511116 bytes)
Cannot build Physics2 data
                                                             -----------
DataLinker total stream size                                     0.0 KiB
Error! To use model "models/props_interiors/trashcankitchen01.mdl"
      with prop_static, it must be compiled with $staticprop!
Error loading studio model "models/props_interiors/trashcankitchen01.mdl"!
Error! prop_static using model "models/props/cs_office/computer_mouse.mdl", which must be used on a dynamic entity (i.e. prop_physics). Deleted.
Error loading studio model "models/props/cs_office/computer_mouse.mdl"!
Error! prop_static using model "models/props_plants/pottedplant_tall01.mdl", which must be used on a dynamic entity (i.e. prop_physics). Deleted.
Error loading studio model "models/props_plants/pottedplant_tall01.mdl"!
Placing detail props : 0...1...2...3...4...5...6...7...8...9...10
Compacting texture/material tables...
Reduced 3169 texinfos to 2197
Reduced 113 texdatas to 104 (2692 bytes to 2340)
Writing D:\Documents\GitHub\SchoolDays\L4D_SV_ESTATLCTM.bsp
9 seconds elapsed



4 threads
reading d:\documents\github\schooldays\L4D_SV_ESTATLCTM.bsp
max farz in all env_fog_controller entities: -1.000000 (used for radial vis)
reading d:\documents\github\schooldays\L4D_SV_ESTATLCTM.prt
4032 portalclusters
13603 numportals
0...1...2...3...4...5...6...7...8...9...10Optimized: 929468 visible clusters (0.00%)
Total clusters visible: 13231969
Average clusters visible: 3281
Building PAS...
Average clusters audible: 4025
visdatasize:3943455  compressed from 4064256
writing d:\documents\github\schooldays\L4D_SV_ESTATLCTM.bsp
9 seconds elapsed



[Reading texlights from 'lights.rad']
[2 texlights parsed from 'lights.rad']

Loading d:\documents\github\schooldays\L4D_SV_ESTATLCTM.bsp
12850 faces
122 degenerate faces
644505 square feet [92808792.00 square inches]
72 Displacements
13296 Square Feet [1914645.00 Square Inches]
12728 patches before subdivision
82958 patches after subdivision
light has _fifty_percent_distance of 464.000000 but _zero_percent_distance of 0.000000
light has _fifty_percent_distance of 208.000000 but _zero_percent_distance of 0.000000
light has _fifty_percent_distance of 464.000000 but _zero_percent_distance of 0.000000
light has _fifty_percent_distance of 464.000000 but _zero_percent_distance of 0.000000
light has _fifty_percent_distance of 464.000000 but _zero_percent_distance of 0.000000
light has _fifty_percent_distance of 464.000000 but _zero_percent_distance of 0.000000
light has _fifty_percent_distance of 464.000000 but _zero_percent_distance of 0.000000
light has _fifty_percent_distance of 464.000000 but _zero_percent_distance of 0.000000
light has _fifty_percent_distance of 464.000000 but _zero_percent_distance of 0.000000
light has _fifty_percent_distance of 464.000000 but _zero_percent_distance of 0.000000
light has _fifty_percent_distance of 464.000000 but _zero_percent_distance of 0.000000
light has _fifty_percent_distance of 464.000000 but _zero_percent_distance of 0.000000
light has _fifty_percent_distance of 464.000000 but _zero_percent_distance of 0.000000
light has _fifty_percent_distance of 464.000000 but _zero_percent_distance of 0.000000
light has _fifty_percent_distance of 464.000000 but _zero_percent_distance of 0.000000
light has _fifty_percent_distance of 464.000000 but _zero_percent_distance of 0.000000
light has _fifty_percent_distance of 464.000000 but _zero_percent_distance of 0.000000
light has _fifty_percent_distance of 464.000000 but _zero_percent_distance of 0.000000
light has _fifty_percent_distance of 464.000000 but _zero_percent_distance of 0.000000
light has _fifty_percent_distance of 464.000000 but _zero_percent_distance of 0.000000
light has _fifty_percent_distance of 464.000000 but _zero_percent_distance of 0.000000
light has _fifty_percent_distance of 464.000000 but _zero_percent_distance of 0.000000
light has _fifty_percent_distance of 464.000000 but _zero_percent_distance of 0.000000
light has _fifty_percent_distance of 464.000000 but _zero_percent_distance of 0.000000
light has _fifty_percent_distance of 464.000000 but _zero_percent_distance of 0.000000
light has _fifty_percent_distance of 464.000000 but _zero_percent_distance of 0.000000
light has _fifty_percent_distance of 464.000000 but _zero_percent_distance of 0.000000
light has _fifty_percent_distance of 464.000000 but _zero_percent_distance of 0.000000
light has _fifty_percent_distance of 464.000000 but _zero_percent_distance of 0.000000
light has _fifty_percent_distance of 464.000000 but _zero_percent_distance of 0.000000
light has _fifty_percent_distance of 464.000000 but _zero_percent_distance of 0.000000
light has _fifty_percent_distance of 464.000000 but _zero_percent_distance of 0.000000
light has _fifty_percent_distance of 464.000000 but _zero_percent_distance of 0.000000
light has _fifty_percent_distance of 464.000000 but _zero_percent_distance of 0.000000
light has _fifty_percent_distance of 464.000000 but _zero_percent_distance of 0.000000
light has _fifty_percent_distance of 464.000000 but _zero_percent_distance of 0.000000
light has _fifty_percent_distance of 464.000000 but _zero_percent_distance of 0.000000
light has _fifty_percent_distance of 464.000000 but _zero_percent_distance of 0.000000
light has _fifty_percent_distance of 464.000000 but _zero_percent_distance of 0.000000
light has _fifty_percent_distance of 464.000000 but _zero_percent_distance of 0.000000
light has _fifty_percent_distance of 464.000000 but _zero_percent_distance of 0.000000
light has _fifty_percent_distance of 464.000000 but _zero_percent_distance of 0.000000
light has _fifty_percent_distance of 464.000000 but _zero_percent_distance of 0.000000
light has _fifty_percent_distance of 464.000000 but _zero_percent_distance of 0.000000
light has _fifty_percent_distance of 464.000000 but _zero_percent_distance of 0.000000
light has _fifty_percent_distance of 464.000000 but _zero_percent_distance of 0.000000
light has _fifty_percent_distance of 208.000000 but _zero_percent_distance of 0.000000
light has _fifty_percent_distance of 208.000000 but _zero_percent_distance of 0.000000
light has _fifty_percent_distance of 464.000000 but _zero_percent_distance of 0.000000
209 direct lights
0...1...2...3...4...5...6...7...8...9...100...1...2...3...4...5...6...7...8...9...10transfers 18558336, max 2292
transfer lists: 141.6 megs
0...1...2...3...4...5...6...7...8...9...10	Bounce #1 added RGB(1418850, 1297490, 1110451)
0...1...2...3...4...5...6...7...8...9...10	Bounce #2 added RGB(574143, 474566, 339155)
0...1...2...3...4...5...6...7...8...9...10	Bounce #3 added RGB(266615, 196128, 119031)
0...1...2...3...4...5...6...7...8...9...10	Bounce #4 added RGB(126292, 81740, 41493)
0...1...2...3...4...5...6...7...8...9...10	Bounce #5 added RGB(63103, 36062, 15457)
0...1...2...3...4...5...6...7...8...9...10	Bounce #6 added RGB(31788, 16020, 5754)
0...1...2...3...4...5...6...7...8...9...10	Bounce #7 added RGB(16344, 7300, 2209)
0...1...2...3...4...5...6...7...8...9...10	Bounce #8 added RGB(8433, 3340, 849)
0...1...2...3...4...5...6...7...8...9...10	Bounce #9 added RGB(4390, 1547, 331)
0...1...2...3...4...5...6...7...8...9...10	Bounce #10 added RGB(2290, 718, 129)
0...1...2...3...4...5...6...7...8...9...10	Bounce #11 added RGB(1201, 336, 51)
0...1...2...3...4...5...6...7...8...9...10	Bounce #12 added RGB(631, 157, 20)
0...1...2...3...4...5...6...7...8...9...10	Bounce #13 added RGB(332, 74, 8)
0...1...2...3...4...5...6...7...8...9...10	Bounce #14 added RGB(175, 35, 3)
0...1...2...3...4...5...6...7...8...9...10	Bounce #15 added RGB(93, 16, 1)
0...1...2...3...4...5...6...7...8...9...10	Bounce #16 added RGB(49, 8, 1)
0...1...2...3...4...5...6...7...8...9...10	Bounce #17 added RGB(26, 4, 0)
0...1...2...3...4...5...6...7...8...9...10	Bounce #18 added RGB(14, 2, 0)
0...1...2...3...4...5...6...7...8...9...10	Bounce #19 added RGB(7, 1, 0)
0...1...2...3...4...5...6...7...8...9...10	Bounce #20 added RGB(4, 0, 0)
0...1...2...3...4...5...6...7...8...9...10	Bounce #21 added RGB(2, 0, 0)
0...1...2...3...4...5...6...7...8...9...10	Bounce #22 added RGB(1, 0, 0)
0...1...2...3...4...5...6...7...8...9...10	Bounce #23 added RGB(1, 0, 0)
Build Patch/Sample Hash Table(s).....Done<0.0259 sec>
0...1...2...3...4...5...6...7...8...9...10FinalLightFace Done
0 of 0 (0% of) surface lights went in leaf ambient cubes.
0...1...2...3...4...5...6...7...8...9...10Writing leaf ambient...done
Ready to Finish

Object names       Objects/Maxobjs  Memory / Maxmem  Fullness 
------------       ---------------  ---------------  -------- 
models                  93/1024         4464/49152    ( 9.1%) 
brushes               1222/8192        14664/98304    (14.9%) 
brushsides            9754/65536       78032/524288   (14.9%) 
planes                9044/65536      180880/1310720  (13.8%) 
vertexes             20215/65536      242580/786432   (30.8%) 
nodes                 7553/65536      241696/2097152  (11.5%) 
texinfos              2197/12288      158184/884736   (17.9%) 
texdata                104/2048         3328/65536    ( 5.1%) 
dispinfos               72/0           12672/0        ( 0.0%) 
disp_verts            4728/0           94560/0        ( 0.0%) 
disp_tris             7488/0           14976/0        ( 0.0%) 
disp_lmsamples       49248/0           49248/0        ( 0.0%) 
faces                12850/65536      719600/3670016  (19.6%) 
hdr faces                0/65536           0/3670016  ( 0.0%) 
origfaces             5297/65536      296632/3670016  ( 8.1%) 
leaves                7647/65536      244704/2097152  (11.7%) 
leaffaces            15013/65536       30026/131072   (22.9%) 
leafbrushes           4319/65536        8638/131072   ( 6.6%) 
areas                    3/256            24/2048     ( 1.2%) 
surfedges            84925/512000     339700/2048000  (16.6%) 
edges                47066/256000     188264/1024000  (18.4%) 
LDR worldlights        209/8192        20900/819200   ( 2.6%) 
HDR worldlights          0/8192            0/819200   ( 0.0%) 
leafwaterdata            0/32768           0/393216   ( 0.0%) 
waterstrips           1583/32768       15830/327680   ( 4.8%) 
waterverts               0/65536           0/786432   ( 0.0%) 
waterindices         24216/65536       48432/131072   (37.0%) 
cubemapsamples           0/1024            0/16384    ( 0.0%) 
overlays                 0/512             0/180224   ( 0.0%) 
LDR lightdata         [variable]     3862344/0        ( 0.0%) 
HDR lightdata         [variable]           0/0        ( 0.0%) 
visdata               [variable]     3943455/16777216 (23.5%) 
entdata               [variable]      868312/393216   (220.8%) VERY FULL!
LDR ambient table     7647/65536       30588/262144   (11.7%) 
HDR ambient table     7647/65536       30588/262144   (11.7%) 
LDR leaf ambient     21206/65536      593768/1835008  (32.4%) 
HDR leaf ambient      7647/65536      214116/1835008  (11.7%) 
occluders                0/0               0/0        ( 0.0%) 
occluder polygons        0/0               0/0        ( 0.0%) 
occluder vert ind        0/0               0/0        ( 0.0%) 
Prop Hull Verts          0/0               0/0        ( 0.0%) 
Prop Hull Blob           0/0               0/0        ( 0.0%) 
Prop Hull Lists          0/0               0/0        ( 0.0%) 
Prop Hulls               0/0               0/0        ( 0.0%) 
Prop Hull trilist        0/0               0/0        ( 0.0%) 
detail props          [variable]           1/12       ( 8.3%) 
static props          [variable]           1/51678    ( 0.0%) 
pakfile               [variable]      175178/0        ( 0.0%) 
physics               [variable]      511116/4194304  (12.2%) 
physics terrain       [variable]       13648/1048576  ( 1.3%) 

Level flags = 0

Total triangle count: 37515
Writing d:\documents\github\schooldays\L4D_SV_ESTATLCTM.bsp
1 minute, 6 seconds elapsed
