


Using shader api: shaderapiempty.dll
materialPath: C:\Program Files (x86)\Steam\steamapps\common\left 4 dead 2\left4dead2\materials
Loading D:\Documents\SchoolDays\L4D_SV_ESTATLCTM-ONLYC.vmf
Material not found!: MYTEXUTURES/PAREDFULL
Material not found!: MYTEXUTURES/LOGOCTM
Material not found!: MYTEXUTURES/SUSTENTABLE
Material not found!: MYTEXUTURES/SINTABACO
Material not found!: MYTEXUTURES/CANASTA
Material not found!: MYTEXUTURES/GEL
Material not found!: MYTEXUTURES/OBEY
Material not found!: MYTEXUTURES/CARTEL6
Material not found!: MYTEXUTURES/CARTEL5
Material not found!: MYTEXUTURES/OBEY2
Material not found!: MYTEXUTURES/AMLO
Material not found!: MYTEXUTURES/CARTEL4
Material not found!: MYTEXUTURES/CARTEL3
Material not found!: MYTEXUTURES/MURAL
Material not found!: MYTEXUTURES/CANCHACTM
Material not found!: MYTEXUTURES/TITULO
Material not found!: MYTEXUTURES/LAMINA
Material not found!: MYTEXUTURES/PARED 5
Material not found!: MYTEXUTURES/DROGAS
fixing up env_cubemap materials on brush sides...
0...1...2...3...4...5...6...7...8...9...100...1...2...3...4...5...6...7...8...9...10Processing areas...done (0)
Building Faces...done (0)
FixTjuncs...
PruneNodes...
WriteBSP...
done (0)
writing D:\Documents\SchoolDays\L4D_SV_ESTATLCTM-ONLYC.prt...Building visibility clusters...
done (0)
Finding displacement neighbors...
Finding lightmap sample positions...
Displacement Alpha : 0...1...2...3...4...5...6...7...8...9...10
Building Physics collision data...
done (1) (77667 bytes)
Cannot build Physics2 data
                                                             -----------
DataLinker total stream size                                     0.0 KiB
Placing detail props : 0...1...2...3...4...5...6...7...8...9...10
Compacting texture/material tables...
Reduced 428 texinfos to 365
Reduced 41 texdatas to 39 (906 bytes to 804)
Writing D:\Documents\SchoolDays\L4D_SV_ESTATLCTM-ONLYC.bsp
3 seconds elapsed



4 threads
reading d:\documents\schooldays\L4D_SV_ESTATLCTM-ONLYC.bsp
max farz in all env_fog_controller entities: -1.000000 (used for radial vis)
reading d:\documents\schooldays\L4D_SV_ESTATLCTM-ONLYC.prt
 690 portalclusters
2300 numportals
0...1...2...3...4...5...6...7...8...9...10Optimized: 13585 visible clusters (0.00%)
Total clusters visible: 407814
Average clusters visible: 591
Building PAS...
Average clusters audible: 690
visdatasize:124163  compressed from 121440
writing d:\documents\schooldays\L4D_SV_ESTATLCTM-ONLYC.bsp
0 seconds elapsed



[Reading texlights from 'lights.rad']
[2 texlights parsed from 'lights.rad']

Loading d:\documents\schooldays\L4D_SV_ESTATLCTM-ONLYC.bsp
2057 faces
6 degenerate faces
457625 square feet [65898012.00 square inches]
0 Displacements
0 Square Feet [0.00 Square Inches]
2051 patches before subdivision
23029 patches after subdivision
light has _fifty_percent_distance of 464.000000 but _zero_percent_distance of 0.000000
light has _fifty_percent_distance of 464.000000 but _zero_percent_distance of 0.000000
light has _fifty_percent_distance of 464.000000 but _zero_percent_distance of 0.000000
light has _fifty_percent_distance of 464.000000 but _zero_percent_distance of 0.000000
light has _fifty_percent_distance of 464.000000 but _zero_percent_distance of 0.000000
light has _fifty_percent_distance of 464.000000 but _zero_percent_distance of 0.000000
light has _fifty_percent_distance of 464.000000 but _zero_percent_distance of 0.000000
light has _fifty_percent_distance of 464.000000 but _zero_percent_distance of 0.000000
light has _fifty_percent_distance of 464.000000 but _zero_percent_distance of 0.000000
light has _fifty_percent_distance of 464.000000 but _zero_percent_distance of 0.000000
light has _fifty_percent_distance of 464.000000 but _zero_percent_distance of 0.000000
light has _fifty_percent_distance of 464.000000 but _zero_percent_distance of 0.000000
light has _fifty_percent_distance of 464.000000 but _zero_percent_distance of 0.000000
light has _fifty_percent_distance of 464.000000 but _zero_percent_distance of 0.000000
light has _fifty_percent_distance of 464.000000 but _zero_percent_distance of 0.000000
light has _fifty_percent_distance of 464.000000 but _zero_percent_distance of 0.000000
light has _fifty_percent_distance of 464.000000 but _zero_percent_distance of 0.000000
light has _fifty_percent_distance of 464.000000 but _zero_percent_distance of 0.000000
light has _fifty_percent_distance of 464.000000 but _zero_percent_distance of 0.000000
light has _fifty_percent_distance of 464.000000 but _zero_percent_distance of 0.000000
light has _fifty_percent_distance of 464.000000 but _zero_percent_distance of 0.000000
29 direct lights
0...1...2...3...4...5...6...7...8...9...100...1...2...3...4...5...6...7...8...9...10transfers 3102292, max 863
transfer lists:  23.7 megs
0...1...2...3...4...5...6...7...8...9...10	Bounce #1 added RGB(18775, 18277, 15161)
0...1...2...3...4...5...6...7...8...9...10	Bounce #2 added RGB(3012, 2817, 2064)
0...1...2...3...4...5...6...7...8...9...10	Bounce #3 added RGB(687, 607, 414)
0...1...2...3...4...5...6...7...8...9...10	Bounce #4 added RGB(119, 100, 60)
0...1...2...3...4...5...6...7...8...9...10	Bounce #5 added RGB(31, 24, 14)
0...1...2...3...4...5...6...7...8...9...10	Bounce #6 added RGB(5, 4, 2)
0...1...2...3...4...5...6...7...8...9...10	Bounce #7 added RGB(1, 1, 0)
0...1...2...3...4...5...6...7...8...9...10	Bounce #8 added RGB(0, 0, 0)
Build Patch/Sample Hash Table(s).....Done<0.0297 sec>
0...1...2...3...4...5...6...7...8...9...10FinalLightFace Done
0 of 0 (0% of) surface lights went in leaf ambient cubes.
0...1...2...3...4...5...6...7...8...9...10Writing leaf ambient...done
Ready to Finish

Object names       Objects/Maxobjs  Memory / Maxmem  Fullness 
------------       ---------------  ---------------  -------- 
models                   1/1024           48/49152    ( 0.1%) 
brushes                185/8192         2220/98304    ( 2.3%) 
brushsides            1474/65536       11792/524288   ( 2.2%) 
planes                1584/65536       31680/1310720  ( 2.4%) 
vertexes              3196/65536       38352/786432   ( 4.9%) 
nodes                 1231/65536       39392/2097152  ( 1.9%) 
texinfos               365/12288       26280/884736   ( 3.0%) 
texdata                 39/2048         1248/65536    ( 1.9%) 
dispinfos                0/0               0/0        ( 0.0%) 
disp_verts               0/0               0/0        ( 0.0%) 
disp_tris                0/0               0/0        ( 0.0%) 
disp_lmsamples           0/0               0/0        ( 0.0%) 
faces                 2057/65536      115192/3670016  ( 3.1%) 
hdr faces                0/65536           0/3670016  ( 0.0%) 
origfaces              786/65536       44016/3670016  ( 1.2%) 
leaves                1233/65536       39456/2097152  ( 1.9%) 
leaffaces             2558/65536        5116/131072   ( 3.9%) 
leafbrushes            631/65536        1262/131072   ( 1.0%) 
areas                    2/256            16/2048     ( 0.8%) 
surfedges            13045/512000      52180/2048000  ( 2.5%) 
edges                 7031/256000      28124/1024000  ( 2.7%) 
LDR worldlights         29/8192         2900/819200   ( 0.4%) 
HDR worldlights          0/8192            0/819200   ( 0.0%) 
leafwaterdata            0/32768           0/393216   ( 0.0%) 
waterstrips            130/32768        1300/327680   ( 0.4%) 
waterverts               0/65536           0/786432   ( 0.0%) 
waterindices          1953/65536        3906/131072   ( 3.0%) 
cubemapsamples           0/1024            0/16384    ( 0.0%) 
overlays                 0/512             0/180224   ( 0.0%) 
LDR lightdata         [variable]      942796/0        ( 0.0%) 
HDR lightdata         [variable]           0/0        ( 0.0%) 
visdata               [variable]      124163/16777216 ( 0.7%) 
entdata               [variable]       89452/393216   (22.7%) 
LDR ambient table     1233/65536        4932/262144   ( 1.9%) 
HDR ambient table     1233/65536        4932/262144   ( 1.9%) 
LDR leaf ambient      4392/65536      122976/1835008  ( 6.7%) 
HDR leaf ambient      1233/65536       34524/1835008  ( 1.9%) 
occluders                0/0               0/0        ( 0.0%) 
occluder polygons        0/0               0/0        ( 0.0%) 
occluder vert ind        0/0               0/0        ( 0.0%) 
Prop Hull Verts          0/0               0/0        ( 0.0%) 
Prop Hull Blob           0/0               0/0        ( 0.0%) 
Prop Hull Lists          0/0               0/0        ( 0.0%) 
Prop Hulls               0/0               0/0        ( 0.0%) 
Prop Hull trilist        0/0               0/0        ( 0.0%) 
detail props          [variable]           1/12       ( 8.3%) 
static props          [variable]           1/10976    ( 0.0%) 
pakfile               [variable]      174182/0        ( 0.0%) 
physics               [variable]       77667/4194304  ( 1.9%) 
physics terrain       [variable]           2/1048576  ( 0.0%) 

Level flags = 0

Total triangle count: 5695
Writing d:\documents\schooldays\L4D_SV_ESTATLCTM-ONLYC.bsp
17 seconds elapsed



Using shader api: shaderapiempty.dll
materialPath: C:\Program Files (x86)\Steam\steamapps\common\left 4 dead 2\left4dead2\materials
Loading D:\Documents\SchoolDays\L4D_SV_ESTATLCTM-ONLYC.vmf
Material not found!: MYTEXUTURES/PAREDFULL
Material not found!: MYTEXUTURES/LOGOCTM
Material not found!: MYTEXUTURES/SUSTENTABLE
Material not found!: MYTEXUTURES/SINTABACO
Material not found!: MYTEXUTURES/CANASTA
Material not found!: MYTEXUTURES/GEL
Material not found!: MYTEXUTURES/OBEY
Material not found!: MYTEXUTURES/CARTEL6
Material not found!: MYTEXUTURES/CARTEL5
Material not found!: MYTEXUTURES/OBEY2
Material not found!: MYTEXUTURES/AMLO
Material not found!: MYTEXUTURES/CARTEL4
Material not found!: MYTEXUTURES/CARTEL3
Material not found!: MYTEXUTURES/MURAL
Material not found!: MYTEXUTURES/TITULO
Material not found!: MYTEXUTURES/PARED 5
Material not found!: MYTEXUTURES/DROGAS
Patching WVT material: maps/l4d_sv_estatlctm-onlyc/nature/blendrockleaves_wvt_patch
fixing up env_cubemap materials on brush sides...
0...1...2...3...4...5...6...7...8...9...100...1...2...3...4...5...6...7...8...9...10Processing areas...done (0)
Building Faces...done (0)
FixTjuncs...
PruneNodes...
WriteBSP...
done (0)
writing D:\Documents\SchoolDays\L4D_SV_ESTATLCTM-ONLYC.prt...Building visibility clusters...
done (1)
Finding displacement neighbors...
Finding lightmap sample positions...
Displacement Alpha : 0...1...2...3...4...5...6...7...8...9...10
Building Physics collision data...
done (0) (107978 bytes)
Cannot build Physics2 data
                                                             -----------
DataLinker total stream size                                     0.0 KiB
Placing detail props : 0...1...2...3...4...5...6...7...8...9...10
Compacting texture/material tables...
Reduced 567 texinfos to 483
Reduced 43 texdatas to 39 (1018 bytes to 831)
Writing D:\Documents\SchoolDays\L4D_SV_ESTATLCTM-ONLYC.bsp
8 seconds elapsed



4 threads
reading d:\documents\schooldays\L4D_SV_ESTATLCTM-ONLYC.bsp
max farz in all env_fog_controller entities: -1.000000 (used for radial vis)
reading d:\documents\schooldays\L4D_SV_ESTATLCTM-ONLYC.prt
1006 portalclusters
3337 numportals
0...1...2...3...4...5...6...7...8...9...10Optimized: 31128 visible clusters (0.00%)
Total clusters visible: 886362
Average clusters visible: 881
Building PAS...
Average clusters audible: 1005
visdatasize:257417  compressed from 257536
writing d:\documents\schooldays\L4D_SV_ESTATLCTM-ONLYC.bsp
1 second elapsed



[Reading texlights from 'lights.rad']
[2 texlights parsed from 'lights.rad']

Loading d:\documents\schooldays\L4D_SV_ESTATLCTM-ONLYC.bsp
3181 faces
12 degenerate faces
483098 square feet [69566128.00 square inches]
0 Displacements
0 Square Feet [0.00 Square Inches]
3169 patches before subdivision
34725 patches after subdivision
light has _fifty_percent_distance of 464.000000 but _zero_percent_distance of 0.000000
light has _fifty_percent_distance of 464.000000 but _zero_percent_distance of 0.000000
light has _fifty_percent_distance of 464.000000 but _zero_percent_distance of 0.000000
light has _fifty_percent_distance of 464.000000 but _zero_percent_distance of 0.000000
light has _fifty_percent_distance of 464.000000 but _zero_percent_distance of 0.000000
light has _fifty_percent_distance of 464.000000 but _zero_percent_distance of 0.000000
light has _fifty_percent_distance of 464.000000 but _zero_percent_distance of 0.000000
light has _fifty_percent_distance of 464.000000 but _zero_percent_distance of 0.000000
light has _fifty_percent_distance of 464.000000 but _zero_percent_distance of 0.000000
light has _fifty_percent_distance of 464.000000 but _zero_percent_distance of 0.000000
light has _fifty_percent_distance of 464.000000 but _zero_percent_distance of 0.000000
light has _fifty_percent_distance of 464.000000 but _zero_percent_distance of 0.000000
light has _fifty_percent_distance of 464.000000 but _zero_percent_distance of 0.000000
light has _fifty_percent_distance of 464.000000 but _zero_percent_distance of 0.000000
light has _fifty_percent_distance of 464.000000 but _zero_percent_distance of 0.000000
light has _fifty_percent_distance of 464.000000 but _zero_percent_distance of 0.000000
light has _fifty_percent_distance of 464.000000 but _zero_percent_distance of 0.000000
light has _fifty_percent_distance of 464.000000 but _zero_percent_distance of 0.000000
light has _fifty_percent_distance of 464.000000 but _zero_percent_distance of 0.000000
light has _fifty_percent_distance of 464.000000 but _zero_percent_distance of 0.000000
light has _fifty_percent_distance of 464.000000 but _zero_percent_distance of 0.000000
light has _fifty_percent_distance of 464.000000 but _zero_percent_distance of 0.000000
light has _fifty_percent_distance of 464.000000 but _zero_percent_distance of 0.000000
light has _fifty_percent_distance of 464.000000 but _zero_percent_distance of 0.000000
light has _fifty_percent_distance of 464.000000 but _zero_percent_distance of 0.000000
light has _fifty_percent_distance of 464.000000 but _zero_percent_distance of 0.000000
light has _fifty_percent_distance of 464.000000 but _zero_percent_distance of 0.000000
45 direct lights
0...1...2...3...4...5...6...7...8...9...100...1...2...3...4...5...6...7...8...9...10transfers 5291317, max 1148
transfer lists:  40.4 megs
0...1...2...3...4...5...6...7...8...9...10	Bounce #1 added RGB(93089, 88160, 78447)
0...1...2...3...4...5...6...7...8...9...10	Bounce #2 added RGB(29809, 27305, 22309)
0...1...2...3...4...5...6...7...8...9...10	Bounce #3 added RGB(8241, 7178, 5309)
0...1...2...3...4...5...6...7...8...9...10	Bounce #4 added RGB(2577, 2166, 1466)
0...1...2...3...4...5...6...7...8...9...10	Bounce #5 added RGB(748, 599, 367)
0...1...2...3...4...5...6...7...8...9...10	Bounce #6 added RGB(231, 178, 99)
0...1...2...3...4...5...6...7...8...9...10	Bounce #7 added RGB(69, 51, 25)
0...1...2...3...4...5...6...7...8...9...10	Bounce #8 added RGB(21, 15, 7)
0...1...2...3...4...5...6...7...8...9...10	Bounce #9 added RGB(6, 4, 2)
0...1...2...3...4...5...6...7...8...9...10	Bounce #10 added RGB(2, 1, 0)
0...1...2...3...4...5...6...7...8...9...10	Bounce #11 added RGB(1, 0, 0)
Build Patch/Sample Hash Table(s).....Done<0.0392 sec>
0...1...2...3...4...5...6...7...8...9...10FinalLightFace Done
0 of 0 (0% of) surface lights went in leaf ambient cubes.
0...1...2...3...4...5...6...7...8...9...10Writing leaf ambient...done
Ready to Finish

Object names       Objects/Maxobjs  Memory / Maxmem  Fullness 
------------       ---------------  ---------------  -------- 
models                   1/1024           48/49152    ( 0.1%) 
brushes                260/8192         3120/98304    ( 3.2%) 
brushsides            2059/65536       16472/524288   ( 3.1%) 
planes                2080/65536       41600/1310720  ( 3.2%) 
vertexes              4980/65536       59760/786432   ( 7.6%) 
nodes                 1865/65536       59680/2097152  ( 2.8%) 
texinfos               483/12288       34776/884736   ( 3.9%) 
texdata                 39/2048         1248/65536    ( 1.9%) 
dispinfos                0/0               0/0        ( 0.0%) 
disp_verts               0/0               0/0        ( 0.0%) 
disp_tris                0/0               0/0        ( 0.0%) 
disp_lmsamples           0/0               0/0        ( 0.0%) 
faces                 3181/65536      178136/3670016  ( 4.9%) 
hdr faces                0/65536           0/3670016  ( 0.0%) 
origfaces             1155/65536       64680/3670016  ( 1.8%) 
leaves                1867/65536       59744/2097152  ( 2.8%) 
leaffaces             3676/65536        7352/131072   ( 5.6%) 
leafbrushes           1033/65536        2066/131072   ( 1.6%) 
areas                    2/256            16/2048     ( 0.8%) 
surfedges            20217/512000      80868/2048000  ( 3.9%) 
edges                10806/256000      43224/1024000  ( 4.2%) 
LDR worldlights         45/8192         4500/819200   ( 0.5%) 
HDR worldlights          0/8192            0/819200   ( 0.0%) 
leafwaterdata            0/32768           0/393216   ( 0.0%) 
waterstrips            296/32768        2960/327680   ( 0.9%) 
waterverts               0/65536           0/786432   ( 0.0%) 
waterindices          4539/65536        9078/131072   ( 6.9%) 
cubemapsamples           0/1024            0/16384    ( 0.0%) 
overlays                 0/512             0/180224   ( 0.0%) 
LDR lightdata         [variable]     3351116/0        ( 0.0%) 
HDR lightdata         [variable]           0/0        ( 0.0%) 
visdata               [variable]      257417/16777216 ( 1.5%) 
entdata               [variable]      123924/393216   (31.5%) 
LDR ambient table     1867/65536        7468/262144   ( 2.8%) 
HDR ambient table     1867/65536        7468/262144   ( 2.8%) 
LDR leaf ambient      6086/65536      170408/1835008  ( 9.3%) 
HDR leaf ambient      1867/65536       52276/1835008  ( 2.8%) 
occluders                0/0               0/0        ( 0.0%) 
occluder polygons        0/0               0/0        ( 0.0%) 
occluder vert ind        0/0               0/0        ( 0.0%) 
Prop Hull Verts          0/0               0/0        ( 0.0%) 
Prop Hull Blob           0/0               0/0        ( 0.0%) 
Prop Hull Lists          0/0               0/0        ( 0.0%) 
Prop Hulls               0/0               0/0        ( 0.0%) 
Prop Hull trilist        0/0               0/0        ( 0.0%) 
detail props          [variable]           1/12       ( 8.3%) 
static props          [variable]           1/13404    ( 0.0%) 
pakfile               [variable]      174921/0        ( 0.0%) 
physics               [variable]      107978/4194304  ( 2.6%) 
physics terrain       [variable]           2/1048576  ( 0.0%) 

Level flags = 0

Total triangle count: 9143
Writing d:\documents\schooldays\L4D_SV_ESTATLCTM-ONLYC.bsp
30 seconds elapsed



Using shader api: shaderapiempty.dll
materialPath: C:\Program Files (x86)\Steam\steamapps\common\left 4 dead 2\left4dead2\materials
Loading D:\Documents\SchoolDays\L4D_SV_ESTATLCTM-ONLYC.vmf
Material not found!: MYTEXUTURES/PAREDFULL
Material not found!: MYTEXUTURES/LOGOCTM
Material not found!: MYTEXUTURES/SUSTENTABLE
Material not found!: MYTEXUTURES/SINTABACO
Material not found!: MYTEXUTURES/CANASTA
Material not found!: MYTEXUTURES/GEL
Material not found!: MYTEXUTURES/OBEY
Material not found!: MYTEXUTURES/CARTEL6
Material not found!: MYTEXUTURES/CARTEL5
Material not found!: MYTEXUTURES/OBEY2
Material not found!: MYTEXUTURES/AMLO
Material not found!: MYTEXUTURES/CARTEL4
Material not found!: MYTEXUTURES/CARTEL3
Material not found!: MYTEXUTURES/MURAL
Material not found!: MYTEXUTURES/TITULO
Material not found!: MYTEXUTURES/PARED 5
Material not found!: MYTEXUTURES/DROGAS
Patching WVT material: maps/l4d_sv_estatlctm-onlyc/nature/blendrockleaves_wvt_patch
fixing up env_cubemap materials on brush sides...
0...1...2...3...4...5...6...7...8...9...100...1...2...3...4...5...6...7...8...9...10Processing areas...done (0)
Building Faces...done (0)
FixTjuncs...
PruneNodes...
WriteBSP...
done (1)
writing D:\Documents\SchoolDays\L4D_SV_ESTATLCTM-ONLYC.prt...Building visibility clusters...
done (0)
Finding displacement neighbors...
Finding lightmap sample positions...
Displacement Alpha : 0...1...2...3...4...5...6...7...8...9...10
Building Physics collision data...
done (0) (108538 bytes)
Cannot build Physics2 data
                                                             -----------
DataLinker total stream size                                     0.0 KiB



Using shader api: shaderapiempty.dll
materialPath: C:\Program Files (x86)\Steam\steamapps\common\left 4 dead 2\left4dead2\materials
Loading D:\Documents\SchoolDays\L4D_SV_ESTATLCTM-ONLYC.vmf
Material not found!: MYTEXUTURES/PAREDFULL
Material not found!: MYTEXUTURES/LOGOCTM
Material not found!: MYTEXUTURES/SUSTENTABLE
Material not found!: MYTEXUTURES/SINTABACO
Material not found!: MYTEXUTURES/CANASTA
Material not found!: MYTEXUTURES/GEL
Material not found!: MYTEXUTURES/OBEY
Material not found!: MYTEXUTURES/CARTEL6
Material not found!: MYTEXUTURES/CARTEL5
Material not found!: MYTEXUTURES/OBEY2
Material not found!: MYTEXUTURES/AMLO
Material not found!: MYTEXUTURES/CARTEL4
Material not found!: MYTEXUTURES/CARTEL3
Material not found!: MYTEXUTURES/MURAL
Material not found!: MYTEXUTURES/TITULO
Material not found!: MYTEXUTURES/PARED 5
Material not found!: MYTEXUTURES/DROGAS
Patching WVT material: maps/l4d_sv_estatlctm-onlyc/nature/blendrockleaves_wvt_patch
fixing up env_cubemap materials on brush sides...
0...1...2...3...4...5...6...7...8...9...100...1...2...3...4...5...6...7...8...9...10Processing areas...done (0)
Building Faces...done (0)
FixTjuncs...
PruneNodes...
WriteBSP...
done (0)
writing D:\Documents\SchoolDays\L4D_SV_ESTATLCTM-ONLYC.prt...Building visibility clusters...
done (1)
Finding displacement neighbors...
Finding lightmap sample positions...
Displacement Alpha : 0...1...2...3...4...5...6...7...8...9...10
Building Physics collision data...
done (0) (108538 bytes)
Cannot build Physics2 data
                                                             -----------
DataLinker total stream size                                     0.0 KiB
Placing detail props : 0...1...2...3...4...5...6...7...8...9...10
Compacting texture/material tables...
Reduced 561 texinfos to 477
Reduced 43 texdatas to 39 (1018 bytes to 831)
Writing D:\Documents\SchoolDays\L4D_SV_ESTATLCTM-ONLYC.bsp
8 seconds elapsed



4 threads
reading d:\documents\schooldays\L4D_SV_ESTATLCTM-ONLYC.bsp
max farz in all env_fog_controller entities: -1.000000 (used for radial vis)
reading d:\documents\schooldays\L4D_SV_ESTATLCTM-ONLYC.prt
1007 portalclusters
3287 numportals
0...1...2...3...4...5...6...7...8...9...10Optimized: 33638 visible clusters (0.00%)
Total clusters visible: 883809
Average clusters visible: 877
Building PAS...
Average clusters audible: 1006
visdatasize:257967  compressed from 257792
writing d:\documents\schooldays\L4D_SV_ESTATLCTM-ONLYC.bsp
1 second elapsed



[Reading texlights from 'lights.rad']
[2 texlights parsed from 'lights.rad']

Loading d:\documents\schooldays\L4D_SV_ESTATLCTM-ONLYC.bsp
3173 faces
12 degenerate faces
483276 square feet [69591872.00 square inches]
0 Displacements
0 Square Feet [0.00 Square Inches]
3161 patches before subdivision
34891 patches after subdivision
light has _fifty_percent_distance of 464.000000 but _zero_percent_distance of 0.000000
light has _fifty_percent_distance of 464.000000 but _zero_percent_distance of 0.000000
light has _fifty_percent_distance of 464.000000 but _zero_percent_distance of 0.000000
light has _fifty_percent_distance of 464.000000 but _zero_percent_distance of 0.000000
light has _fifty_percent_distance of 464.000000 but _zero_percent_distance of 0.000000
light has _fifty_percent_distance of 464.000000 but _zero_percent_distance of 0.000000
light has _fifty_percent_distance of 464.000000 but _zero_percent_distance of 0.000000
light has _fifty_percent_distance of 464.000000 but _zero_percent_distance of 0.000000
light has _fifty_percent_distance of 464.000000 but _zero_percent_distance of 0.000000
light has _fifty_percent_distance of 464.000000 but _zero_percent_distance of 0.000000
light has _fifty_percent_distance of 464.000000 but _zero_percent_distance of 0.000000
light has _fifty_percent_distance of 464.000000 but _zero_percent_distance of 0.000000
light has _fifty_percent_distance of 464.000000 but _zero_percent_distance of 0.000000
light has _fifty_percent_distance of 464.000000 but _zero_percent_distance of 0.000000
light has _fifty_percent_distance of 464.000000 but _zero_percent_distance of 0.000000
light has _fifty_percent_distance of 464.000000 but _zero_percent_distance of 0.000000
light has _fifty_percent_distance of 464.000000 but _zero_percent_distance of 0.000000
light has _fifty_percent_distance of 464.000000 but _zero_percent_distance of 0.000000
light has _fifty_percent_distance of 464.000000 but _zero_percent_distance of 0.000000
light has _fifty_percent_distance of 464.000000 but _zero_percent_distance of 0.000000
light has _fifty_percent_distance of 464.000000 but _zero_percent_distance of 0.000000
light has _fifty_percent_distance of 464.000000 but _zero_percent_distance of 0.000000
light has _fifty_percent_distance of 464.000000 but _zero_percent_distance of 0.000000
light has _fifty_percent_distance of 464.000000 but _zero_percent_distance of 0.000000
light has _fifty_percent_distance of 464.000000 but _zero_percent_distance of 0.000000
light has _fifty_percent_distance of 464.000000 but _zero_percent_distance of 0.000000
light has _fifty_percent_distance of 464.000000 but _zero_percent_distance of 0.000000
45 direct lights
0...1...2...3...4...5...6...7...8...9...100...1...2...3...4...5...6...7...8...9...10transfers 5318787, max 1154
transfer lists:  40.6 megs
0...1...2...3...4...5...6...7...8...9...10	Bounce #1 added RGB(94239, 89243, 79425)
0...1...2...3...4...5...6...7...8...9...10	Bounce #2 added RGB(30207, 27668, 22609)
0...1...2...3...4...5...6...7...8...9...10	Bounce #3 added RGB(8365, 7286, 5391)
0...1...2...3...4...5...6...7...8...9...10	Bounce #4 added RGB(2616, 2199, 1488)
0...1...2...3...4...5...6...7...8...9...10	Bounce #5 added RGB(760, 609, 373)
0...1...2...3...4...5...6...7...8...9...10	Bounce #6 added RGB(235, 181, 101)
0...1...2...3...4...5...6...7...8...9...10	Bounce #7 added RGB(70, 51, 26)
0...1...2...3...4...5...6...7...8...9...10	Bounce #8 added RGB(22, 15, 7)
0...1...2...3...4...5...6...7...8...9...10	Bounce #9 added RGB(7, 4, 2)
0...1...2...3...4...5...6...7...8...9...10	Bounce #10 added RGB(2, 1, 0)
0...1...2...3...4...5...6...7...8...9...10	Bounce #11 added RGB(1, 0, 0)
Build Patch/Sample Hash Table(s).....Done<0.0467 sec>
0...1...2...3...4...5...6...7...8...9...10FinalLightFace Done
0 of 0 (0% of) surface lights went in leaf ambient cubes.
0...1...2...3...4...5...6...7...8...9...10Writing leaf ambient...done
Ready to Finish

Object names       Objects/Maxobjs  Memory / Maxmem  Fullness 
------------       ---------------  ---------------  -------- 
models                   1/1024           48/49152    ( 0.1%) 
brushes                262/8192         3144/98304    ( 3.2%) 
brushsides            2071/65536       16568/524288   ( 3.2%) 
planes                2056/65536       41120/1310720  ( 3.1%) 
vertexes              4980/65536       59760/786432   ( 7.6%) 
nodes                 1869/65536       59808/2097152  ( 2.9%) 
texinfos               477/12288       34344/884736   ( 3.9%) 
texdata                 39/2048         1248/65536    ( 1.9%) 
dispinfos                0/0               0/0        ( 0.0%) 
disp_verts               0/0               0/0        ( 0.0%) 
disp_tris                0/0               0/0        ( 0.0%) 
disp_lmsamples           0/0               0/0        ( 0.0%) 
faces                 3173/65536      177688/3670016  ( 4.8%) 
hdr faces                0/65536           0/3670016  ( 0.0%) 
origfaces             1156/65536       64736/3670016  ( 1.8%) 
leaves                1871/65536       59872/2097152  ( 2.9%) 
leaffaces             3671/65536        7342/131072   ( 5.6%) 
leafbrushes           1030/65536        2060/131072   ( 1.6%) 
areas                    2/256            16/2048     ( 0.8%) 
surfedges            20177/512000      80708/2048000  ( 3.9%) 
edges                10786/256000      43144/1024000  ( 4.2%) 
LDR worldlights         45/8192         4500/819200   ( 0.5%) 
HDR worldlights          0/8192            0/819200   ( 0.0%) 
leafwaterdata            0/32768           0/393216   ( 0.0%) 
waterstrips            300/32768        3000/327680   ( 0.9%) 
waterverts               0/65536           0/786432   ( 0.0%) 
waterindices          4632/65536        9264/131072   ( 7.1%) 
cubemapsamples           0/1024            0/16384    ( 0.0%) 
overlays                 0/512             0/180224   ( 0.0%) 
LDR lightdata         [variable]     3351256/0        ( 0.0%) 
HDR lightdata         [variable]           0/0        ( 0.0%) 
visdata               [variable]      257967/16777216 ( 1.5%) 
entdata               [variable]      123924/393216   (31.5%) 
LDR ambient table     1871/65536        7484/262144   ( 2.9%) 
HDR ambient table     1871/65536        7484/262144   ( 2.9%) 
LDR leaf ambient      5995/65536      167860/1835008  ( 9.1%) 
HDR leaf ambient      1871/65536       52388/1835008  ( 2.9%) 
occluders                0/0               0/0        ( 0.0%) 
occluder polygons        0/0               0/0        ( 0.0%) 
occluder vert ind        0/0               0/0        ( 0.0%) 
Prop Hull Verts          0/0               0/0        ( 0.0%) 
Prop Hull Blob           0/0               0/0        ( 0.0%) 
Prop Hull Lists          0/0               0/0        ( 0.0%) 
Prop Hulls               0/0               0/0        ( 0.0%) 
Prop Hull trilist        0/0               0/0        ( 0.0%) 
detail props          [variable]           1/12       ( 8.3%) 
static props          [variable]           1/13436    ( 0.0%) 
pakfile               [variable]      174921/0        ( 0.0%) 
physics               [variable]      108538/4194304  ( 2.6%) 
physics terrain       [variable]           2/1048576  ( 0.0%) 

Level flags = 0

Total triangle count: 9115
Writing d:\documents\schooldays\L4D_SV_ESTATLCTM-ONLYC.bsp
31 seconds elapsed



Using shader api: shaderapiempty.dll
materialPath: C:\Program Files (x86)\Steam\steamapps\common\left 4 dead 2\left4dead2\materials
Loading D:\Documents\SchoolDays\L4D_SV_ESTATLCTM-ONLYC.vmf
Material not found!: MYTEXUTURES/PAREDFULL
Material not found!: MYTEXUTURES/LOGOCTM
Material not found!: MYTEXUTURES/SUSTENTABLE
Material not found!: MYTEXUTURES/SINTABACO
Material not found!: MYTEXUTURES/CANASTA
Material not found!: MYTEXUTURES/GEL
Material not found!: MYTEXUTURES/OBEY
Material not found!: MYTEXUTURES/CARTEL6
Material not found!: MYTEXUTURES/CARTEL5
Material not found!: MYTEXUTURES/OBEY2
Material not found!: MYTEXUTURES/AMLO
Material not found!: MYTEXUTURES/CARTEL4
Material not found!: MYTEXUTURES/CARTEL3
Material not found!: MYTEXUTURES/MURAL
Material not found!: MYTEXUTURES/TITULO
Material not found!: MYTEXUTURES/PARED 5
Material not found!: MYTEXUTURES/DROGAS
Patching WVT material: maps/l4d_sv_estatlctm-onlyc/nature/blendrockleaves_wvt_patch
fixing up env_cubemap materials on brush sides...
0...1...2...3...4...5...6...7...8...9...100...1...2...3...4...5...6...7...8...9...10Processing areas...done (0)
Building Faces...done (0)
FixTjuncs...
PruneNodes...
WriteBSP...
done (0)
writing D:\Documents\SchoolDays\L4D_SV_ESTATLCTM-ONLYC.prt...Building visibility clusters...
done (0)
Finding displacement neighbors...
Finding lightmap sample positions...
Displacement Alpha : 0...1...2...3...4...5...6...7...8...9...10
Building Physics collision data...
done (0) (93170 bytes)
Cannot build Physics2 data
                                                             -----------
DataLinker total stream size                                     0.0 KiB
Placing detail props : 0...1...2...3...4...5...6...7...8...9...10
Compacting texture/material tables...
Reduced 484 texinfos to 400
Reduced 43 texdatas to 39 (1018 bytes to 831)
Writing D:\Documents\SchoolDays\L4D_SV_ESTATLCTM-ONLYC.bsp
8 seconds elapsed



4 threads
reading d:\documents\schooldays\L4D_SV_ESTATLCTM-ONLYC.bsp
max farz in all env_fog_controller entities: -1.000000 (used for radial vis)
reading d:\documents\schooldays\L4D_SV_ESTATLCTM-ONLYC.prt
 963 portalclusters
3158 numportals
0...1...2...3...4...5...6...7...8...9...10Optimized: 24103 visible clusters (0.00%)
Total clusters visible: 814846
Average clusters visible: 846
Building PAS...
Average clusters audible: 962
visdatasize:237665  compressed from 246528
writing d:\documents\schooldays\L4D_SV_ESTATLCTM-ONLYC.bsp
1 second elapsed



[Reading texlights from 'lights.rad']
[2 texlights parsed from 'lights.rad']

Loading d:\documents\schooldays\L4D_SV_ESTATLCTM-ONLYC.bsp
3036 faces
12 degenerate faces
483264 square feet [69590064.00 square inches]
0 Displacements
0 Square Feet [0.00 Square Inches]
3024 patches before subdivision
34762 patches after subdivision
light has _fifty_percent_distance of 464.000000 but _zero_percent_distance of 0.000000
light has _fifty_percent_distance of 464.000000 but _zero_percent_distance of 0.000000
light has _fifty_percent_distance of 464.000000 but _zero_percent_distance of 0.000000
light has _fifty_percent_distance of 464.000000 but _zero_percent_distance of 0.000000
light has _fifty_percent_distance of 464.000000 but _zero_percent_distance of 0.000000
light has _fifty_percent_distance of 464.000000 but _zero_percent_distance of 0.000000
light has _fifty_percent_distance of 464.000000 but _zero_percent_distance of 0.000000
light has _fifty_percent_distance of 464.000000 but _zero_percent_distance of 0.000000
light has _fifty_percent_distance of 464.000000 but _zero_percent_distance of 0.000000
light has _fifty_percent_distance of 464.000000 but _zero_percent_distance of 0.000000
light has _fifty_percent_distance of 464.000000 but _zero_percent_distance of 0.000000
light has _fifty_percent_distance of 464.000000 but _zero_percent_distance of 0.000000
light has _fifty_percent_distance of 464.000000 but _zero_percent_distance of 0.000000
light has _fifty_percent_distance of 464.000000 but _zero_percent_distance of 0.000000
light has _fifty_percent_distance of 464.000000 but _zero_percent_distance of 0.000000
light has _fifty_percent_distance of 464.000000 but _zero_percent_distance of 0.000000
light has _fifty_percent_distance of 464.000000 but _zero_percent_distance of 0.000000
light has _fifty_percent_distance of 464.000000 but _zero_percent_distance of 0.000000
light has _fifty_percent_distance of 464.000000 but _zero_percent_distance of 0.000000
light has _fifty_percent_distance of 464.000000 but _zero_percent_distance of 0.000000
light has _fifty_percent_distance of 464.000000 but _zero_percent_distance of 0.000000
light has _fifty_percent_distance of 464.000000 but _zero_percent_distance of 0.000000
light has _fifty_percent_distance of 464.000000 but _zero_percent_distance of 0.000000
light has _fifty_percent_distance of 464.000000 but _zero_percent_distance of 0.000000
light has _fifty_percent_distance of 464.000000 but _zero_percent_distance of 0.000000
light has _fifty_percent_distance of 464.000000 but _zero_percent_distance of 0.000000
light has _fifty_percent_distance of 464.000000 but _zero_percent_distance of 0.000000
45 direct lights
0...1...2...3...4...5...6...7...8...9...100...1...2...3...4...5...6...7...8...9...10transfers 5133692, max 1037
transfer lists:  39.2 megs
0...1...2...3...4...5...6...7...8...9...10	Bounce #1 added RGB(92819, 87914, 78216)
0...1...2...3...4...5...6...7...8...9...10	Bounce #2 added RGB(29877, 27389, 22387)
0...1...2...3...4...5...6...7...8...9...10	Bounce #3 added RGB(8208, 7155, 5295)
0...1...2...3...4...5...6...7...8...9...10	Bounce #4 added RGB(2568, 2161, 1464)
0...1...2...3...4...5...6...7...8...9...10	Bounce #5 added RGB(742, 595, 365)
0...1...2...3...4...5...6...7...8...9...10	Bounce #6 added RGB(229, 177, 99)
0...1...2...3...4...5...6...7...8...9...10	Bounce #7 added RGB(68, 50, 25)
0...1...2...3...4...5...6...7...8...9...10	Bounce #8 added RGB(21, 15, 7)
0...1...2...3...4...5...6...7...8...9...10	Bounce #9 added RGB(6, 4, 2)
0...1...2...3...4...5...6...7...8...9...10	Bounce #10 added RGB(2, 1, 0)
0...1...2...3...4...5...6...7...8...9...10	Bounce #11 added RGB(1, 0, 0)
Build Patch/Sample Hash Table(s).....Done<0.0349 sec>
0...1...2...3...4...5...6...7...8...9...10FinalLightFace Done
0 of 0 (0% of) surface lights went in leaf ambient cubes.
0...1...2...3...4...5...6...7...8...9...10Writing leaf ambient...done
Ready to Finish

Object names       Objects/Maxobjs  Memory / Maxmem  Fullness 
------------       ---------------  ---------------  -------- 
models                   1/1024           48/49152    ( 0.1%) 
brushes                221/8192         2652/98304    ( 2.7%) 
brushsides            1825/65536       14600/524288   ( 2.8%) 
planes                1942/65536       38840/1310720  ( 3.0%) 
vertexes              4635/65536       55620/786432   ( 7.1%) 
nodes                 1779/65536       56928/2097152  ( 2.7%) 
texinfos               400/12288       28800/884736   ( 3.3%) 
texdata                 39/2048         1248/65536    ( 1.9%) 
dispinfos                0/0               0/0        ( 0.0%) 
disp_verts               0/0               0/0        ( 0.0%) 
disp_tris                0/0               0/0        ( 0.0%) 
disp_lmsamples           0/0               0/0        ( 0.0%) 
faces                 3036/65536      170016/3670016  ( 4.6%) 
hdr faces                0/65536           0/3670016  ( 0.0%) 
origfaces             1028/65536       57568/3670016  ( 1.6%) 
leaves                1781/65536       56992/2097152  ( 2.7%) 
leaffaces             3544/65536        7088/131072   ( 5.4%) 
leafbrushes            974/65536        1948/131072   ( 1.5%) 
areas                    2/256            16/2048     ( 0.8%) 
surfedges            19021/512000      76084/2048000  ( 3.7%) 
edges                10096/256000      40384/1024000  ( 3.9%) 
LDR worldlights         45/8192         4500/819200   ( 0.5%) 
HDR worldlights          0/8192            0/819200   ( 0.0%) 
leafwaterdata            0/32768           0/393216   ( 0.0%) 
waterstrips            297/32768        2970/327680   ( 0.9%) 
waterverts               0/65536           0/786432   ( 0.0%) 
waterindices          4437/65536        8874/131072   ( 6.8%) 
cubemapsamples           0/1024            0/16384    ( 0.0%) 
overlays                 0/512             0/180224   ( 0.0%) 
LDR lightdata         [variable]     3353584/0        ( 0.0%) 
HDR lightdata         [variable]           0/0        ( 0.0%) 
visdata               [variable]      237665/16777216 ( 1.4%) 
entdata               [variable]      123924/393216   (31.5%) 
LDR ambient table     1781/65536        7124/262144   ( 2.7%) 
HDR ambient table     1781/65536        7124/262144   ( 2.7%) 
LDR leaf ambient      6029/65536      168812/1835008  ( 9.2%) 
HDR leaf ambient      1781/65536       49868/1835008  ( 2.7%) 
occluders                0/0               0/0        ( 0.0%) 
occluder polygons        0/0               0/0        ( 0.0%) 
occluder vert ind        0/0               0/0        ( 0.0%) 
Prop Hull Verts          0/0               0/0        ( 0.0%) 
Prop Hull Blob           0/0               0/0        ( 0.0%) 
Prop Hull Lists          0/0               0/0        ( 0.0%) 
Prop Hulls               0/0               0/0        ( 0.0%) 
Prop Hull trilist        0/0               0/0        ( 0.0%) 
detail props          [variable]           1/12       ( 8.3%) 
static props          [variable]           1/13372    ( 0.0%) 
pakfile               [variable]      174921/0        ( 0.0%) 
physics               [variable]       93170/4194304  ( 2.2%) 
physics terrain       [variable]           2/1048576  ( 0.0%) 

Level flags = 0

Total triangle count: 8745
Writing d:\documents\schooldays\L4D_SV_ESTATLCTM-ONLYC.bsp
30 seconds elapsed



Using shader api: shaderapiempty.dll
materialPath: C:\Program Files (x86)\Steam\steamapps\common\left 4 dead 2\left4dead2\materials
Loading D:\Documents\SchoolDays\L4D_SV_ESTATLCTM-ONLYC.vmf
Material not found!: MYTEXUTURES/PAREDFULL
Material not found!: MYTEXUTURES/LOGOCTM
Material not found!: MYTEXUTURES/SUSTENTABLE
Material not found!: MYTEXUTURES/SINTABACO
Material not found!: MYTEXUTURES/CANASTA
Material not found!: MYTEXUTURES/GEL
Material not found!: MYTEXUTURES/OBEY
Material not found!: MYTEXUTURES/CARTEL6
Material not found!: MYTEXUTURES/CARTEL5
Material not found!: MYTEXUTURES/OBEY2
Material not found!: MYTEXUTURES/AMLO
Material not found!: MYTEXUTURES/CARTEL4
Material not found!: MYTEXUTURES/CARTEL3
Material not found!: MYTEXUTURES/MURAL
Material not found!: MYTEXUTURES/TITULO
Material not found!: MYTEXUTURES/PARED 5
Material not found!: MYTEXUTURES/DROGAS
Patching WVT material: maps/l4d_sv_estatlctm-onlyc/nature/blendrockleaves_wvt_patch
fixing up env_cubemap materials on brush sides...
0...1...2...3...4...5...6...7...8...9...100...1...2...3...4...5...6...7...8...9...10Processing areas...done (0)
Building Faces...done (0)
FixTjuncs...
PruneNodes...
WriteBSP...
done (1)
writing D:\Documents\SchoolDays\L4D_SV_ESTATLCTM-ONLYC.prt...Building visibility clusters...
done (0)
Finding displacement neighbors...
Finding lightmap sample positions...
Displacement Alpha : 0...1...2...3...4...5...6...7...8...9...10
Building Physics collision data...
done (0) (93170 bytes)
Cannot build Physics2 data
                                                             -----------
DataLinker total stream size                                     0.0 KiB
Placing detail props : 0...1...2...3...4...5...6...7...8...9...10
Compacting texture/material tables...
Reduced 484 texinfos to 400
Reduced 43 texdatas to 39 (1018 bytes to 831)
Writing D:\Documents\SchoolDays\L4D_SV_ESTATLCTM-ONLYC.bsp
17 seconds elapsed



4 threads
reading d:\documents\schooldays\L4D_SV_ESTATLCTM-ONLYC.bsp
max farz in all env_fog_controller entities: -1.000000 (used for radial vis)
reading d:\documents\schooldays\L4D_SV_ESTATLCTM-ONLYC.prt
 963 portalclusters
3158 numportals
0...1...2...3...4...5...6...7...8...9...10Optimized: 24103 visible clusters (0.00%)
Total clusters visible: 814846
Average clusters visible: 846
Building PAS...
Average clusters audible: 962
visdatasize:237665  compressed from 246528
writing d:\documents\schooldays\L4D_SV_ESTATLCTM-ONLYC.bsp
3 seconds elapsed



[Reading texlights from 'lights.rad']
[2 texlights parsed from 'lights.rad']

Loading d:\documents\schooldays\L4D_SV_ESTATLCTM-ONLYC.bsp
3036 faces
12 degenerate faces
483264 square feet [69590064.00 square inches]
0 Displacements
0 Square Feet [0.00 Square Inches]
3024 patches before subdivision
34762 patches after subdivision
light has _fifty_percent_distance of 464.000000 but _zero_percent_distance of 0.000000
light has _fifty_percent_distance of 464.000000 but _zero_percent_distance of 0.000000
light has _fifty_percent_distance of 464.000000 but _zero_percent_distance of 0.000000
light has _fifty_percent_distance of 464.000000 but _zero_percent_distance of 0.000000
light has _fifty_percent_distance of 464.000000 but _zero_percent_distance of 0.000000
light has _fifty_percent_distance of 464.000000 but _zero_percent_distance of 0.000000
light has _fifty_percent_distance of 464.000000 but _zero_percent_distance of 0.000000
light has _fifty_percent_distance of 464.000000 but _zero_percent_distance of 0.000000
light has _fifty_percent_distance of 464.000000 but _zero_percent_distance of 0.000000
light has _fifty_percent_distance of 464.000000 but _zero_percent_distance of 0.000000
light has _fifty_percent_distance of 464.000000 but _zero_percent_distance of 0.000000
light has _fifty_percent_distance of 464.000000 but _zero_percent_distance of 0.000000
light has _fifty_percent_distance of 464.000000 but _zero_percent_distance of 0.000000
light has _fifty_percent_distance of 464.000000 but _zero_percent_distance of 0.000000
light has _fifty_percent_distance of 464.000000 but _zero_percent_distance of 0.000000
light has _fifty_percent_distance of 464.000000 but _zero_percent_distance of 0.000000
light has _fifty_percent_distance of 464.000000 but _zero_percent_distance of 0.000000
light has _fifty_percent_distance of 464.000000 but _zero_percent_distance of 0.000000
light has _fifty_percent_distance of 464.000000 but _zero_percent_distance of 0.000000
light has _fifty_percent_distance of 464.000000 but _zero_percent_distance of 0.000000
light has _fifty_percent_distance of 464.000000 but _zero_percent_distance of 0.000000
light has _fifty_percent_distance of 464.000000 but _zero_percent_distance of 0.000000
light has _fifty_percent_distance of 464.000000 but _zero_percent_distance of 0.000000
light has _fifty_percent_distance of 464.000000 but _zero_percent_distance of 0.000000
light has _fifty_percent_distance of 464.000000 but _zero_percent_distance of 0.000000
light has _fifty_percent_distance of 464.000000 but _zero_percent_distance of 0.000000
light has _fifty_percent_distance of 464.000000 but _zero_percent_distance of 0.000000
45 direct lights
0...1...2...3...4...5...6...7...8...9...100...1...2...3...4...5...6...7...8...9...10transfers 5133692, max 1037
transfer lists:  39.2 megs
0...1...2...3...4...5...6...7...8...9...10	Bounce #1 added RGB(92819, 87914, 78216)
0...1...2...3...4...5...6...7...8...9...10	Bounce #2 added RGB(29877, 27389, 22387)
0...1...2...3...4...5...6...7...8...9...10	Bounce #3 added RGB(8208, 7155, 5295)
0...1...2...3...4...5...6...7...8...9...10	Bounce #4 added RGB(2568, 2161, 1464)
0...1...2...3...4...5...6...7...8...9...10	Bounce #5 added RGB(742, 595, 365)
0...1...2...3...4...5...6...7...8...9...10	Bounce #6 added RGB(229, 177, 99)
0...1...2...3...4...5...6...7...8...9...10	Bounce #7 added RGB(68, 50, 25)
0...1...2...3...4...5...6...7...8...9...10	Bounce #8 added RGB(21, 15, 7)
0...1...2...3...4...5...6...7...8...9...10	Bounce #9 added RGB(6, 4, 2)
0...1...2...3...4...5...6...7...8...9...10	Bounce #10 added RGB(2, 1, 0)
0...1...2...3...4...5...6...7...8...9...10	Bounce #11 added RGB(1, 0, 0)
Build Patch/Sample Hash Table(s).....Done<0.0983 sec>
0...1...2...3...4...5...6...7...8...9...10FinalLightFace Done
0 of 0 (0% of) surface lights went in leaf ambient cubes.
0...1...2...3...4...5...6...7...8...9...10Writing leaf ambient...done
Ready to Finish

Object names       Objects/Maxobjs  Memory / Maxmem  Fullness 
------------       ---------------  ---------------  -------- 
models                   1/1024           48/49152    ( 0.1%) 
brushes                221/8192         2652/98304    ( 2.7%) 
brushsides            1825/65536       14600/524288   ( 2.8%) 
planes                1942/65536       38840/1310720  ( 3.0%) 
vertexes              4635/65536       55620/786432   ( 7.1%) 
nodes                 1779/65536       56928/2097152  ( 2.7%) 
texinfos               400/12288       28800/884736   ( 3.3%) 
texdata                 39/2048         1248/65536    ( 1.9%) 
dispinfos                0/0               0/0        ( 0.0%) 
disp_verts               0/0               0/0        ( 0.0%) 
disp_tris                0/0               0/0        ( 0.0%) 
disp_lmsamples           0/0               0/0        ( 0.0%) 
faces                 3036/65536      170016/3670016  ( 4.6%) 
hdr faces                0/65536           0/3670016  ( 0.0%) 
origfaces             1028/65536       57568/3670016  ( 1.6%) 
leaves                1781/65536       56992/2097152  ( 2.7%) 
leaffaces             3544/65536        7088/131072   ( 5.4%) 
leafbrushes            974/65536        1948/131072   ( 1.5%) 
areas                    2/256            16/2048     ( 0.8%) 
surfedges            19021/512000      76084/2048000  ( 3.7%) 
edges                10096/256000      40384/1024000  ( 3.9%) 
LDR worldlights         45/8192         4500/819200   ( 0.5%) 
HDR worldlights          0/8192            0/819200   ( 0.0%) 
leafwaterdata            0/32768           0/393216   ( 0.0%) 
waterstrips            297/32768        2970/327680   ( 0.9%) 
waterverts               0/65536           0/786432   ( 0.0%) 
waterindices          4437/65536        8874/131072   ( 6.8%) 
cubemapsamples           0/1024            0/16384    ( 0.0%) 
overlays                 0/512             0/180224   ( 0.0%) 
LDR lightdata         [variable]     3353584/0        ( 0.0%) 
HDR lightdata         [variable]           0/0        ( 0.0%) 
visdata               [variable]      237665/16777216 ( 1.4%) 
entdata               [variable]      123924/393216   (31.5%) 
LDR ambient table     1781/65536        7124/262144   ( 2.7%) 
HDR ambient table     1781/65536        7124/262144   ( 2.7%) 
LDR leaf ambient      6029/65536      168812/1835008  ( 9.2%) 
HDR leaf ambient      1781/65536       49868/1835008  ( 2.7%) 
occluders                0/0               0/0        ( 0.0%) 
occluder polygons        0/0               0/0        ( 0.0%) 
occluder vert ind        0/0               0/0        ( 0.0%) 
Prop Hull Verts          0/0               0/0        ( 0.0%) 
Prop Hull Blob           0/0               0/0        ( 0.0%) 
Prop Hull Lists          0/0               0/0        ( 0.0%) 
Prop Hulls               0/0               0/0        ( 0.0%) 
Prop Hull trilist        0/0               0/0        ( 0.0%) 
detail props          [variable]           1/12       ( 8.3%) 
static props          [variable]           1/13372    ( 0.0%) 
pakfile               [variable]      174921/0        ( 0.0%) 
physics               [variable]       93170/4194304  ( 2.2%) 
physics terrain       [variable]           2/1048576  ( 0.0%) 

Level flags = 0

Total triangle count: 8745
Writing d:\documents\schooldays\L4D_SV_ESTATLCTM-ONLYC.bsp
59 seconds elapsed
