


Using shader api: shaderapiempty.dll
materialPath: C:\Program Files (x86)\Steam\steamapps\common\left 4 dead 2\left4dead2\materials
Loading D:\Documents\SchoolDays\pruebadeluces.vmf
Material not found!: MYTEXUTURES/TAREA
Material not found!: MYTEXUTURES/PROBLEMAS
Material not found!: MYTEXUTURES/SJ
fixing up env_cubemap materials on brush sides...
0...1...2...3...4...5...6...7...8...9...100...1...2...3...4...5...6...7...8...9...10Processing areas...done (0)
Building Faces...done (0)
Chop Details...done (0)
Find Visible Detail Sides...done (0)
Merging details...done (0)
FixTjuncs...
PruneNodes...
WriteBSP...
done (0)
writing D:\Documents\SchoolDays\pruebadeluces.prt...Building visibility clusters...
done (1)
Finding displacement neighbors...
Finding lightmap sample positions...
Displacement Alpha : 0...1...2...3...4...5...6...7...8...9...10
Building Physics collision data...
done (1) (295282 bytes)
Cannot build Physics2 data
                                                             -----------
DataLinker total stream size                                     0.0 KiB
Error! To use model "models/props_interiors/trashcankitchen01.mdl"
      with prop_static, it must be compiled with $staticprop!
Error loading studio model "models/props_interiors/trashcankitchen01.mdl"!
Error! prop_static using model "models/props/cs_office/computer_mouse.mdl", which must be used on a dynamic entity (i.e. prop_physics). Deleted.
Error loading studio model "models/props/cs_office/computer_mouse.mdl"!
Placing detail props : 0...1...2...3...4...5...6...7...8...9...10
Compacting texture/material tables...
Reduced 1808 texinfos to 1196
Reduced 54 texdatas to 48 (1272 bytes to 1057)
Writing D:\Documents\SchoolDays\pruebadeluces.bsp
6 seconds elapsed



4 threads
reading d:\documents\schooldays\pruebadeluces.bsp
max farz in all env_fog_controller entities: -1.000000 (used for radial vis)
reading d:\documents\schooldays\pruebadeluces.prt
1489 portalclusters
4448 numportals
0...1...2...3...4...5...6...7...8...9...10Optimized: 179800 visible clusters (0.00%)
Total clusters visible: 1249883
Average clusters visible: 839
Building PAS...
Average clusters audible: 1478
visdatasize:534440  compressed from 571776
writing d:\documents\schooldays\pruebadeluces.bsp
2 seconds elapsed



[Reading texlights from 'lights.rad']
[2 texlights parsed from 'lights.rad']

Loading d:\documents\schooldays\pruebadeluces.bsp
5981 faces
3 degenerate faces
302466 square feet [43555168.00 square inches]
6 Displacements
100 Square Feet [14457.67 Square Inches]
5978 patches before subdivision
47484 patches after subdivision
96 direct lights
0...1...2...3...4...5...6...7...8...9...100...1...2...3...4...5...6...7...8...9...10transfers 9991635, max 1609
transfer lists:  76.2 megs
0...1...2...3...4...5...6...7...8...9...10	Bounce #1 added RGB(0, 0, 0)
Build Patch/Sample Hash Table(s).....Done<0.0464 sec>
0...1...2...3...4...5...6...7...8...9...10FinalLightFace Done
0 of 0 (0% of) surface lights went in leaf ambient cubes.
0...1...2...3...4...5...6...7...8...9...10Writing leaf ambient...done
Ready to Finish

Object names       Objects/Maxobjs  Memory / Maxmem  Fullness 
------------       ---------------  ---------------  -------- 
models                  80/1024         3840/49152    ( 7.8%) 
brushes                732/8192         8784/98304    ( 8.9%) 
brushsides            4955/65536       39640/524288   ( 7.6%) 
planes                3436/65536       68720/1310720  ( 5.2%) 
vertexes              9637/65536      115644/786432   (14.7%) 
nodes                 3409/65536      109088/2097152  ( 5.2%) 
texinfos              1196/12288       86112/884736   ( 9.7%) 
texdata                 48/2048         1536/65536    ( 2.3%) 
dispinfos                6/0            1056/0        ( 0.0%) 
disp_verts             150/0            3000/0        ( 0.0%) 
disp_tris              192/0             384/0        ( 0.0%) 
disp_lmsamples         544/0             544/0        ( 0.0%) 
faces                 5981/65536      334936/3670016  ( 9.1%) 
hdr faces                0/65536           0/3670016  ( 0.0%) 
origfaces             2804/65536      157024/3670016  ( 4.3%) 
leaves                3490/65536      111680/2097152  ( 5.3%) 
leaffaces             7136/65536       14272/131072   (10.9%) 
leafbrushes           2202/65536        4404/131072   ( 3.4%) 
areas                    3/256            24/2048     ( 1.2%) 
surfedges            40350/512000     161400/2048000  ( 7.9%) 
edges                22558/256000      90232/1024000  ( 8.8%) 
LDR worldlights         96/8192         9600/819200   ( 1.2%) 
HDR worldlights          0/8192            0/819200   ( 0.0%) 
leafwaterdata            0/32768           0/393216   ( 0.0%) 
waterstrips            652/32768        6520/327680   ( 2.0%) 
waterverts               0/65536           0/786432   ( 0.0%) 
waterindices         10353/65536       20706/131072   (15.8%) 
cubemapsamples           0/1024            0/16384    ( 0.0%) 
overlays                 0/512             0/180224   ( 0.0%) 
LDR lightdata         [variable]     3280072/0        ( 0.0%) 
HDR lightdata         [variable]           0/0        ( 0.0%) 
visdata               [variable]      534440/16777216 ( 3.2%) 
entdata               [variable]      510125/393216   (129.7%) VERY FULL!
LDR ambient table     3490/65536       13960/262144   ( 5.3%) 
HDR ambient table     3490/65536       13960/262144   ( 5.3%) 
LDR leaf ambient      2060/65536       57680/1835008  ( 3.1%) 
HDR leaf ambient      3490/65536       97720/1835008  ( 5.3%) 
occluders                0/0               0/0        ( 0.0%) 
occluder polygons        0/0               0/0        ( 0.0%) 
occluder vert ind        0/0               0/0        ( 0.0%) 
Prop Hull Verts          0/0               0/0        ( 0.0%) 
Prop Hull Blob           0/0               0/0        ( 0.0%) 
Prop Hull Lists          0/0               0/0        ( 0.0%) 
Prop Hulls               0/0               0/0        ( 0.0%) 
Prop Hull trilist        0/0               0/0        ( 0.0%) 
detail props          [variable]           1/12       ( 8.3%) 
static props          [variable]           1/21530    ( 0.0%) 
pakfile               [variable]      174443/0        ( 0.0%) 
physics               [variable]      295282/4194304  ( 7.0%) 
physics terrain       [variable]         656/1048576  ( 0.1%) 

Level flags = 0

Total triangle count: 17237
Writing d:\documents\schooldays\pruebadeluces.bsp
1 minute, 9 seconds elapsed



Using shader api: shaderapiempty.dll
materialPath: C:\Program Files (x86)\Steam\steamapps\common\left 4 dead 2\left4dead2\materials
Loading D:\Documents\SchoolDays\pruebadeluces.vmf
Material not found!: MYTEXUTURES/TAREA
Material not found!: MYTEXUTURES/PROBLEMAS
Material not found!: MYTEXUTURES/SJ
fixing up env_cubemap materials on brush sides...
0...1...2...3...4...5...6...7...8...9...100...1...2...3...4...5...6...7...8...9...10Processing areas...done (0)
Building Faces...done (0)
Chop Details...done (0)
Find Visible Detail Sides...done (0)
Merging details...done (0)
FixTjuncs...
PruneNodes...
WriteBSP...
done (0)
writing D:\Documents\SchoolDays\pruebadeluces.prt...Building visibility clusters...
done (0)
Finding displacement neighbors...
Finding lightmap sample positions...
Displacement Alpha : 0...1...2...3...4...5...6...7...8...9...10
Building Physics collision data...
done (1) (295282 bytes)
Cannot build Physics2 data
                                                             -----------
DataLinker total stream size                                     0.0 KiB
Error! To use model "models/props_interiors/trashcankitchen01.mdl"
      with prop_static, it must be compiled with $staticprop!
Error loading studio model "models/props_interiors/trashcankitchen01.mdl"!
Error! prop_static using model "models/props/cs_office/computer_mouse.mdl", which must be used on a dynamic entity (i.e. prop_physics). Deleted.
Error loading studio model "models/props/cs_office/computer_mouse.mdl"!
Placing detail props : 0...1...2...3...4...5...6...7...8...9...10
Compacting texture/material tables...
Reduced 1808 texinfos to 1196
Reduced 54 texdatas to 48 (1272 bytes to 1057)
Writing D:\Documents\SchoolDays\pruebadeluces.bsp
6 seconds elapsed



4 threads
reading d:\documents\schooldays\pruebadeluces.bsp
max farz in all env_fog_controller entities: -1.000000 (used for radial vis)
reading d:\documents\schooldays\pruebadeluces.prt
1489 portalclusters
4448 numportals
0...1...2...3...4...5...6...7...8...9...10Optimized: 179800 visible clusters (0.00%)
Total clusters visible: 1249883
Average clusters visible: 839
Building PAS...
Average clusters audible: 1478
visdatasize:534440  compressed from 571776
writing d:\documents\schooldays\pruebadeluces.bsp
2 seconds elapsed



[Reading texlights from 'lights.rad']
[2 texlights parsed from 'lights.rad']

Loading d:\documents\schooldays\pruebadeluces.bsp
5981 faces
3 degenerate faces
302466 square feet [43555168.00 square inches]
6 Displacements
100 Square Feet [14457.67 Square Inches]
5978 patches before subdivision
47484 patches after subdivision
96 direct lights
0...1...2...3...4...5...6...7...8...9...100...1...2...3...4...5...6...7...8...9...10transfers 9991635, max 1609
transfer lists:  76.2 megs
0...1...2...3...4...5...6...7...8...9...10	Bounce #1 added RGB(0, 0, 0)
Build Patch/Sample Hash Table(s).....Done<0.0478 sec>
0...1...2...3...4...5...6...7...8...9...10FinalLightFace Done
0 of 0 (0% of) surface lights went in leaf ambient cubes.
0...1...2...3...4...5...6...7...8...9...10Writing leaf ambient...done
Ready to Finish

Object names       Objects/Maxobjs  Memory / Maxmem  Fullness 
------------       ---------------  ---------------  -------- 
models                  80/1024         3840/49152    ( 7.8%) 
brushes                732/8192         8784/98304    ( 8.9%) 
brushsides            4955/65536       39640/524288   ( 7.6%) 
planes                3436/65536       68720/1310720  ( 5.2%) 
vertexes              9637/65536      115644/786432   (14.7%) 
nodes                 3409/65536      109088/2097152  ( 5.2%) 
texinfos              1196/12288       86112/884736   ( 9.7%) 
texdata                 48/2048         1536/65536    ( 2.3%) 
dispinfos                6/0            1056/0        ( 0.0%) 
disp_verts             150/0            3000/0        ( 0.0%) 
disp_tris              192/0             384/0        ( 0.0%) 
disp_lmsamples         544/0             544/0        ( 0.0%) 
faces                 5981/65536      334936/3670016  ( 9.1%) 
hdr faces                0/65536           0/3670016  ( 0.0%) 
origfaces             2804/65536      157024/3670016  ( 4.3%) 
leaves                3490/65536      111680/2097152  ( 5.3%) 
leaffaces             7136/65536       14272/131072   (10.9%) 
leafbrushes           2202/65536        4404/131072   ( 3.4%) 
areas                    3/256            24/2048     ( 1.2%) 
surfedges            40350/512000     161400/2048000  ( 7.9%) 
edges                22558/256000      90232/1024000  ( 8.8%) 
LDR worldlights         96/8192         9600/819200   ( 1.2%) 
HDR worldlights          0/8192            0/819200   ( 0.0%) 
leafwaterdata            0/32768           0/393216   ( 0.0%) 
waterstrips            652/32768        6520/327680   ( 2.0%) 
waterverts               0/65536           0/786432   ( 0.0%) 
waterindices         10353/65536       20706/131072   (15.8%) 
cubemapsamples           0/1024            0/16384    ( 0.0%) 
overlays                 0/512             0/180224   ( 0.0%) 
LDR lightdata         [variable]     3280072/0        ( 0.0%) 
HDR lightdata         [variable]           0/0        ( 0.0%) 
visdata               [variable]      534440/16777216 ( 3.2%) 
entdata               [variable]      510326/393216   (129.8%) VERY FULL!
LDR ambient table     3490/65536       13960/262144   ( 5.3%) 
HDR ambient table     3490/65536       13960/262144   ( 5.3%) 
LDR leaf ambient      2060/65536       57680/1835008  ( 3.1%) 
HDR leaf ambient      3490/65536       97720/1835008  ( 5.3%) 
occluders                0/0               0/0        ( 0.0%) 
occluder polygons        0/0               0/0        ( 0.0%) 
occluder vert ind        0/0               0/0        ( 0.0%) 
Prop Hull Verts          0/0               0/0        ( 0.0%) 
Prop Hull Blob           0/0               0/0        ( 0.0%) 
Prop Hull Lists          0/0               0/0        ( 0.0%) 
Prop Hulls               0/0               0/0        ( 0.0%) 
Prop Hull trilist        0/0               0/0        ( 0.0%) 
detail props          [variable]           1/12       ( 8.3%) 
static props          [variable]           1/21530    ( 0.0%) 
pakfile               [variable]      174443/0        ( 0.0%) 
physics               [variable]      295282/4194304  ( 7.0%) 
physics terrain       [variable]         656/1048576  ( 0.1%) 

Level flags = 0

Total triangle count: 17237
Writing d:\documents\schooldays\pruebadeluces.bsp
1 minute, 9 seconds elapsed



Using shader api: shaderapiempty.dll
materialPath: C:\Program Files (x86)\Steam\steamapps\common\left 4 dead 2\left4dead2\materials
Loading D:\Documents\SchoolDays\pruebadeluces.vmf
Material not found!: MYTEXUTURES/TAREA
Material not found!: MYTEXUTURES/PROBLEMAS
Material not found!: MYTEXUTURES/SJ
fixing up env_cubemap materials on brush sides...
0...1...2...3...4...5...6...7...8...9...100...1...2...3...4...5...6...7...8...9...10Processing areas...done (0)
Building Faces...done (0)
Chop Details...done (0)
Find Visible Detail Sides...done (0)
Merging details...done (0)
FixTjuncs...
PruneNodes...
WriteBSP...
done (0)
writing D:\Documents\SchoolDays\pruebadeluces.prt...Building visibility clusters...
done (0)
Finding displacement neighbors...
Finding lightmap sample positions...
Displacement Alpha : 0...1...2...3...4...5...6...7...8...9...10
Building Physics collision data...
done (1) (295282 bytes)
Cannot build Physics2 data
                                                             -----------
DataLinker total stream size                                     0.0 KiB
Error! To use model "models/props_interiors/trashcankitchen01.mdl"
      with prop_static, it must be compiled with $staticprop!
Error loading studio model "models/props_interiors/trashcankitchen01.mdl"!
Error! prop_static using model "models/props/cs_office/computer_mouse.mdl", which must be used on a dynamic entity (i.e. prop_physics). Deleted.
Error loading studio model "models/props/cs_office/computer_mouse.mdl"!
Placing detail props : 0...1...2...3...4...5...6...7...8...9...10
Compacting texture/material tables...
Reduced 1808 texinfos to 1196
Reduced 54 texdatas to 48 (1272 bytes to 1057)
Writing D:\Documents\SchoolDays\pruebadeluces.bsp
5 seconds elapsed



4 threads
reading d:\documents\schooldays\pruebadeluces.bsp
max farz in all env_fog_controller entities: -1.000000 (used for radial vis)
reading d:\documents\schooldays\pruebadeluces.prt
1489 portalclusters
4448 numportals
0...1...2...3...4...5...6...7...8...9...10Optimized: 179800 visible clusters (0.00%)
Total clusters visible: 1249883
Average clusters visible: 839
Building PAS...
Average clusters audible: 1478
visdatasize:534440  compressed from 571776
writing d:\documents\schooldays\pruebadeluces.bsp
2 seconds elapsed



[Reading texlights from 'lights.rad']
[2 texlights parsed from 'lights.rad']

Loading d:\documents\schooldays\pruebadeluces.bsp
5981 faces
3 degenerate faces
302466 square feet [43555168.00 square inches]
6 Displacements
100 Square Feet [14457.67 Square Inches]
5978 patches before subdivision
47484 patches after subdivision
96 direct lights
0...1...2...3...4...5...6...7...8...9...100...1...2...3...4...5...6...7...8...9...10transfers 9991635, max 1609
transfer lists:  76.2 megs
0...1...2...3...4...5...6...7...8...9...10	Bounce #1 added RGB(0, 0, 0)
Build Patch/Sample Hash Table(s).....Done<0.0461 sec>
0...1...2...3...4...5...6...7...8...9...10FinalLightFace Done
0 of 0 (0% of) surface lights went in leaf ambient cubes.
0...1...2...3...4...5...6...7...8...9...10Writing leaf ambient...done
Ready to Finish

Object names       Objects/Maxobjs  Memory / Maxmem  Fullness 
------------       ---------------  ---------------  -------- 
models                  80/1024         3840/49152    ( 7.8%) 
brushes                732/8192         8784/98304    ( 8.9%) 
brushsides            4955/65536       39640/524288   ( 7.6%) 
planes                3436/65536       68720/1310720  ( 5.2%) 
vertexes              9637/65536      115644/786432   (14.7%) 
nodes                 3409/65536      109088/2097152  ( 5.2%) 
texinfos              1196/12288       86112/884736   ( 9.7%) 
texdata                 48/2048         1536/65536    ( 2.3%) 
dispinfos                6/0            1056/0        ( 0.0%) 
disp_verts             150/0            3000/0        ( 0.0%) 
disp_tris              192/0             384/0        ( 0.0%) 
disp_lmsamples         544/0             544/0        ( 0.0%) 
faces                 5981/65536      334936/3670016  ( 9.1%) 
hdr faces                0/65536           0/3670016  ( 0.0%) 
origfaces             2804/65536      157024/3670016  ( 4.3%) 
leaves                3490/65536      111680/2097152  ( 5.3%) 
leaffaces             7136/65536       14272/131072   (10.9%) 
leafbrushes           2202/65536        4404/131072   ( 3.4%) 
areas                    3/256            24/2048     ( 1.2%) 
surfedges            40350/512000     161400/2048000  ( 7.9%) 
edges                22558/256000      90232/1024000  ( 8.8%) 
LDR worldlights         96/8192         9600/819200   ( 1.2%) 
HDR worldlights          0/8192            0/819200   ( 0.0%) 
leafwaterdata            0/32768           0/393216   ( 0.0%) 
waterstrips            652/32768        6520/327680   ( 2.0%) 
waterverts               0/65536           0/786432   ( 0.0%) 
waterindices         10353/65536       20706/131072   (15.8%) 
cubemapsamples           0/1024            0/16384    ( 0.0%) 
overlays                 0/512             0/180224   ( 0.0%) 
LDR lightdata         [variable]     3280072/0        ( 0.0%) 
HDR lightdata         [variable]           0/0        ( 0.0%) 
visdata               [variable]      534440/16777216 ( 3.2%) 
entdata               [variable]      510360/393216   (129.8%) VERY FULL!
LDR ambient table     3490/65536       13960/262144   ( 5.3%) 
HDR ambient table     3490/65536       13960/262144   ( 5.3%) 
LDR leaf ambient      2060/65536       57680/1835008  ( 3.1%) 
HDR leaf ambient      3490/65536       97720/1835008  ( 5.3%) 
occluders                0/0               0/0        ( 0.0%) 
occluder polygons        0/0               0/0        ( 0.0%) 
occluder vert ind        0/0               0/0        ( 0.0%) 
Prop Hull Verts          0/0               0/0        ( 0.0%) 
Prop Hull Blob           0/0               0/0        ( 0.0%) 
Prop Hull Lists          0/0               0/0        ( 0.0%) 
Prop Hulls               0/0               0/0        ( 0.0%) 
Prop Hull trilist        0/0               0/0        ( 0.0%) 
detail props          [variable]           1/12       ( 8.3%) 
static props          [variable]           1/21530    ( 0.0%) 
pakfile               [variable]      174443/0        ( 0.0%) 
physics               [variable]      295282/4194304  ( 7.0%) 
physics terrain       [variable]         656/1048576  ( 0.1%) 

Level flags = 0

Total triangle count: 17237
Writing d:\documents\schooldays\pruebadeluces.bsp
1 minute, 9 seconds elapsed



Using shader api: shaderapiempty.dll
materialPath: C:\Program Files (x86)\Steam\steamapps\common\left 4 dead 2\left4dead2\materials
Loading D:\Documents\SchoolDays\pruebadeluces.vmf
Material not found!: MYTEXUTURES/TAREA
Material not found!: MYTEXUTURES/PROBLEMAS
Material not found!: MYTEXUTURES/SJ
fixing up env_cubemap materials on brush sides...
0...1...2...3...4...5...6...7...8...9...100...1...2...3...4...5...6...7...8...9...10Processing areas...done (0)
Building Faces...done (0)
Chop Details...done (0)
Find Visible Detail Sides...done (0)
Merging details...done (0)
FixTjuncs...
PruneNodes...
WriteBSP...
done (0)
writing D:\Documents\SchoolDays\pruebadeluces.prt...Building visibility clusters...
done (1)
Finding displacement neighbors...
Finding lightmap sample positions...
Displacement Alpha : 0...1...2...3...4...5...6...7...8...9...10
Building Physics collision data...
done (1) (295282 bytes)
Cannot build Physics2 data
                                                             -----------
DataLinker total stream size                                     0.0 KiB
Error! To use model "models/props_interiors/trashcankitchen01.mdl"
      with prop_static, it must be compiled with $staticprop!
Error loading studio model "models/props_interiors/trashcankitchen01.mdl"!
Error! prop_static using model "models/props/cs_office/computer_mouse.mdl", which must be used on a dynamic entity (i.e. prop_physics). Deleted.
Error loading studio model "models/props/cs_office/computer_mouse.mdl"!
Placing detail props : 0...1...2...3...4...5...6...7...8...9...10
Compacting texture/material tables...
Reduced 1808 texinfos to 1196
Reduced 54 texdatas to 48 (1272 bytes to 1057)
Writing D:\Documents\SchoolDays\pruebadeluces.bsp
6 seconds elapsed



4 threads
reading d:\documents\schooldays\pruebadeluces.bsp
max farz in all env_fog_controller entities: -1.000000 (used for radial vis)
reading d:\documents\schooldays\pruebadeluces.prt
1489 portalclusters
4448 numportals
0...1...2...3...4...5...6...7...8...9...10Optimized: 179800 visible clusters (0.00%)
Total clusters visible: 1249883
Average clusters visible: 839
Building PAS...
Average clusters audible: 1478
visdatasize:534440  compressed from 571776
writing d:\documents\schooldays\pruebadeluces.bsp
2 seconds elapsed



[Reading texlights from 'lights.rad']
[2 texlights parsed from 'lights.rad']

Loading d:\documents\schooldays\pruebadeluces.bsp
5981 faces
3 degenerate faces
302466 square feet [43555168.00 square inches]
6 Displacements
100 Square Feet [14457.67 Square Inches]
5978 patches before subdivision
47484 patches after subdivision
96 direct lights
0...1...2...3...4...5...6...7...8...9...100...1...2...3...4...5...6...7...8...9...10transfers 9991635, max 1609
transfer lists:  76.2 megs
0...1...2...3...4...5...6...7...8...9...10	Bounce #1 added RGB(0, 0, 0)
Build Patch/Sample Hash Table(s).....Done<0.0485 sec>
0...1...2...3...4...5...6...7...8...9...10FinalLightFace Done
0 of 0 (0% of) surface lights went in leaf ambient cubes.
0...1...2...3...4...5...6...7...8...9...10Writing leaf ambient...done
Ready to Finish

Object names       Objects/Maxobjs  Memory / Maxmem  Fullness 
------------       ---------------  ---------------  -------- 
models                  80/1024         3840/49152    ( 7.8%) 
brushes                732/8192         8784/98304    ( 8.9%) 
brushsides            4955/65536       39640/524288   ( 7.6%) 
planes                3436/65536       68720/1310720  ( 5.2%) 
vertexes              9637/65536      115644/786432   (14.7%) 
nodes                 3409/65536      109088/2097152  ( 5.2%) 
texinfos              1196/12288       86112/884736   ( 9.7%) 
texdata                 48/2048         1536/65536    ( 2.3%) 
dispinfos                6/0            1056/0        ( 0.0%) 
disp_verts             150/0            3000/0        ( 0.0%) 
disp_tris              192/0             384/0        ( 0.0%) 
disp_lmsamples         544/0             544/0        ( 0.0%) 
faces                 5981/65536      334936/3670016  ( 9.1%) 
hdr faces                0/65536           0/3670016  ( 0.0%) 
origfaces             2804/65536      157024/3670016  ( 4.3%) 
leaves                3490/65536      111680/2097152  ( 5.3%) 
leaffaces             7136/65536       14272/131072   (10.9%) 
leafbrushes           2202/65536        4404/131072   ( 3.4%) 
areas                    3/256            24/2048     ( 1.2%) 
surfedges            40350/512000     161400/2048000  ( 7.9%) 
edges                22558/256000      90232/1024000  ( 8.8%) 
LDR worldlights         96/8192         9600/819200   ( 1.2%) 
HDR worldlights          0/8192            0/819200   ( 0.0%) 
leafwaterdata            0/32768           0/393216   ( 0.0%) 
waterstrips            652/32768        6520/327680   ( 2.0%) 
waterverts               0/65536           0/786432   ( 0.0%) 
waterindices         10353/65536       20706/131072   (15.8%) 
cubemapsamples           0/1024            0/16384    ( 0.0%) 
overlays                 0/512             0/180224   ( 0.0%) 
LDR lightdata         [variable]     3280072/0        ( 0.0%) 
HDR lightdata         [variable]           0/0        ( 0.0%) 
visdata               [variable]      534440/16777216 ( 3.2%) 
entdata               [variable]      510447/393216   (129.8%) VERY FULL!
LDR ambient table     3490/65536       13960/262144   ( 5.3%) 
HDR ambient table     3490/65536       13960/262144   ( 5.3%) 
LDR leaf ambient      2060/65536       57680/1835008  ( 3.1%) 
HDR leaf ambient      3490/65536       97720/1835008  ( 5.3%) 
occluders                0/0               0/0        ( 0.0%) 
occluder polygons        0/0               0/0        ( 0.0%) 
occluder vert ind        0/0               0/0        ( 0.0%) 
Prop Hull Verts          0/0               0/0        ( 0.0%) 
Prop Hull Blob           0/0               0/0        ( 0.0%) 
Prop Hull Lists          0/0               0/0        ( 0.0%) 
Prop Hulls               0/0               0/0        ( 0.0%) 
Prop Hull trilist        0/0               0/0        ( 0.0%) 
detail props          [variable]           1/12       ( 8.3%) 
static props          [variable]           1/21530    ( 0.0%) 
pakfile               [variable]      174443/0        ( 0.0%) 
physics               [variable]      295282/4194304  ( 7.0%) 
physics terrain       [variable]         656/1048576  ( 0.1%) 

Level flags = 0

Total triangle count: 17237
Writing d:\documents\schooldays\pruebadeluces.bsp
1 minute, 10 seconds elapsed



Using shader api: shaderapiempty.dll
materialPath: C:\Program Files (x86)\Steam\steamapps\common\left 4 dead 2\left4dead2\materials
Loading D:\Documents\SchoolDays\pruebadeluces.vmf
Material not found!: MYTEXUTURES/TAREA
Material not found!: MYTEXUTURES/PROBLEMAS
Material not found!: MYTEXUTURES/SJ
fixing up env_cubemap materials on brush sides...
0...1...2...3...4...5...6...7...8...9...100...1...2...3...4...5...6...7...8...9...10Processing areas...done (0)
Building Faces...done (0)
Chop Details...done (0)
Find Visible Detail Sides...done (0)
Merging details...done (0)
FixTjuncs...
PruneNodes...
WriteBSP...
done (0)
writing D:\Documents\SchoolDays\pruebadeluces.prt...Building visibility clusters...
done (1)
Finding displacement neighbors...
Finding lightmap sample positions...
Displacement Alpha : 0...1...2...3...4...5...6...7...8...9...10
Building Physics collision data...
done (1) (295282 bytes)
Cannot build Physics2 data
                                                             -----------
DataLinker total stream size                                     0.0 KiB
Error! To use model "models/props_interiors/trashcankitchen01.mdl"
      with prop_static, it must be compiled with $staticprop!
Error loading studio model "models/props_interiors/trashcankitchen01.mdl"!
Error! prop_static using model "models/props/cs_office/computer_mouse.mdl", which must be used on a dynamic entity (i.e. prop_physics). Deleted.
Error loading studio model "models/props/cs_office/computer_mouse.mdl"!
Placing detail props : 0...1...2...3...4...5...6...7...8...9...10
Compacting texture/material tables...
Reduced 1808 texinfos to 1196
Reduced 54 texdatas to 48 (1272 bytes to 1057)
Writing D:\Documents\SchoolDays\pruebadeluces.bsp
6 seconds elapsed



4 threads
reading d:\documents\schooldays\pruebadeluces.bsp
max farz in all env_fog_controller entities: -1.000000 (used for radial vis)
reading d:\documents\schooldays\pruebadeluces.prt
1489 portalclusters
4448 numportals
0...1...2...3...4...5...6...7...8...9...10Optimized: 179800 visible clusters (0.00%)
Total clusters visible: 1249883
Average clusters visible: 839
Building PAS...
Average clusters audible: 1478
visdatasize:534440  compressed from 571776
writing d:\documents\schooldays\pruebadeluces.bsp
2 seconds elapsed



[Reading texlights from 'lights.rad']
[2 texlights parsed from 'lights.rad']

Loading d:\documents\schooldays\pruebadeluces.bsp
5981 faces
3 degenerate faces
302466 square feet [43555168.00 square inches]
6 Displacements
100 Square Feet [14457.67 Square Inches]
5978 patches before subdivision
47484 patches after subdivision
96 direct lights
0...1...2...3...4...5...6...7...8...9...100...1...2...3...4...5...6...7...8...9...10transfers 9991635, max 1609
transfer lists:  76.2 megs
0...1...2...3...4...5...6...7...8...9...10	Bounce #1 added RGB(0, 0, 0)
Build Patch/Sample Hash Table(s).....Done<0.0479 sec>
0...1...2...3...4...5...6...7...8...9...10FinalLightFace Done
0 of 0 (0% of) surface lights went in leaf ambient cubes.
0...1...2...3...4...5...6...7...8...9...10Writing leaf ambient...done
Ready to Finish

Object names       Objects/Maxobjs  Memory / Maxmem  Fullness 
------------       ---------------  ---------------  -------- 
models                  80/1024         3840/49152    ( 7.8%) 
brushes                732/8192         8784/98304    ( 8.9%) 
brushsides            4955/65536       39640/524288   ( 7.6%) 
planes                3436/65536       68720/1310720  ( 5.2%) 
vertexes              9637/65536      115644/786432   (14.7%) 
nodes                 3409/65536      109088/2097152  ( 5.2%) 
texinfos              1196/12288       86112/884736   ( 9.7%) 
texdata                 48/2048         1536/65536    ( 2.3%) 
dispinfos                6/0            1056/0        ( 0.0%) 
disp_verts             150/0            3000/0        ( 0.0%) 
disp_tris              192/0             384/0        ( 0.0%) 
disp_lmsamples         544/0             544/0        ( 0.0%) 
faces                 5981/65536      334936/3670016  ( 9.1%) 
hdr faces                0/65536           0/3670016  ( 0.0%) 
origfaces             2804/65536      157024/3670016  ( 4.3%) 
leaves                3490/65536      111680/2097152  ( 5.3%) 
leaffaces             7136/65536       14272/131072   (10.9%) 
leafbrushes           2202/65536        4404/131072   ( 3.4%) 
areas                    3/256            24/2048     ( 1.2%) 
surfedges            40350/512000     161400/2048000  ( 7.9%) 
edges                22558/256000      90232/1024000  ( 8.8%) 
LDR worldlights         96/8192         9600/819200   ( 1.2%) 
HDR worldlights          0/8192            0/819200   ( 0.0%) 
leafwaterdata            0/32768           0/393216   ( 0.0%) 
waterstrips            652/32768        6520/327680   ( 2.0%) 
waterverts               0/65536           0/786432   ( 0.0%) 
waterindices         10353/65536       20706/131072   (15.8%) 
cubemapsamples           0/1024            0/16384    ( 0.0%) 
overlays                 0/512             0/180224   ( 0.0%) 
LDR lightdata         [variable]     3280072/0        ( 0.0%) 
HDR lightdata         [variable]           0/0        ( 0.0%) 
visdata               [variable]      534440/16777216 ( 3.2%) 
entdata               [variable]      510618/393216   (129.9%) VERY FULL!
LDR ambient table     3490/65536       13960/262144   ( 5.3%) 
HDR ambient table     3490/65536       13960/262144   ( 5.3%) 
LDR leaf ambient      2060/65536       57680/1835008  ( 3.1%) 
HDR leaf ambient      3490/65536       97720/1835008  ( 5.3%) 
occluders                0/0               0/0        ( 0.0%) 
occluder polygons        0/0               0/0        ( 0.0%) 
occluder vert ind        0/0               0/0        ( 0.0%) 
Prop Hull Verts          0/0               0/0        ( 0.0%) 
Prop Hull Blob           0/0               0/0        ( 0.0%) 
Prop Hull Lists          0/0               0/0        ( 0.0%) 
Prop Hulls               0/0               0/0        ( 0.0%) 
Prop Hull trilist        0/0               0/0        ( 0.0%) 
detail props          [variable]           1/12       ( 8.3%) 
static props          [variable]           1/21530    ( 0.0%) 
pakfile               [variable]      174443/0        ( 0.0%) 
physics               [variable]      295282/4194304  ( 7.0%) 
physics terrain       [variable]         656/1048576  ( 0.1%) 

Level flags = 0

Total triangle count: 17237
Writing d:\documents\schooldays\pruebadeluces.bsp
1 minute, 9 seconds elapsed
